> Attach("Automorphisms.m");
> load "~/Computations/L3_2_4A3C_structs.m";
Loading "/home/tendai/Computations/L3_2_4A3C_structs.m"
> A := Algebra<F, 57 | L > where F := Rationals(): 

>> A := Algebra<F, 57 | L > where F := Rationals(): 
                                                  ^
User error: bad syntax
> A := Algebra<F, 57 | L > where F := Rationals(); 
> axes := [A.i : i in [1..57] | HasMonsterFusionLaw(A.i)];

>> axes := [A.i : i in [1..57] | HasMonsterFusionLaw(A.i)];
                                                    ^
Runtime error in 'HasMonsterFusionLaw': u must be an idempotent

> axes := [A.i : i in [1..57] | IsIdempotent(A.i)];
> #axes;
21
> assert forall{x : x in axes | HasMonsterFusionLaw(x)};
> time Gp_p, Gp, isom, gpname, Miy := GroupFromAxes(axes);
Time: 0.860
> gpname;
SO(3,7)
> GroupName(Miy);
PSL(2,7)
> subs4 := Subgroups(Miy :OrderEqual := 4);
> #subs4;
3
> [x`subgroup : x in subs4];
[
    MatrixGroup(57, Rational Field) of order 2^2
    Generators:
        [0 1 0 0 0 0 1 0 -1 0 0 0 0 1 0 0 1/64 0 0 0 0 -1/64 0 0 0 -1/64 -1/64 0 1/64 -1/64 0 1/64 0 1/64 0 -1/32 0 -1/4096 1/4096 1/2048 0 0 -1/2048 0 
            -1/4096 1/4096 -1/2048 0 1/4096 0 0 1/4096 -1/2048 1/4096 -3/4096 1/4096 1/1024]
        [1 0 0 0 0 0 0 1 0 0 0 0 -1 0 1 0 0 0 1/64 0 0 0 0 0 0 0 0 0 0 0 -1/64 0 0 -1/64 -1/32 1/64 1/4096 0 0 0 1/4096 0 -1/4096 -1/2048 -1/2048 0 1/2048 0 0
            -1/4096 -1/4096 1/4096 -1/4096 1/4096 1/4096 1/1024 -1/2048]
        [0 0 -1 0 0 -1 0 0 0 0 0 -1 0 0 0 -1/64 0 -1/64 0 1/64 0 0 0 0 0 -1/64 0 0 1/64 0 1/32 1/64 1/32 3/64 1/64 0 0 -1/4096 0 -1/4096 1/4096 0 1/4096 
            1/4096 0 1/2048 1/2048 1/2048 3/4096 0 1/2048 -1/4096 -1/2048 -3/2048 -7/4096 -1/2048 1/2048]
        [0 0 0 0 0 0 0 0 0 0 1 0 0 0 0 0 0 0 0 0 0 0 0 0 0 0 0 0 0 0 0 0 0 0 0 0 0 0 0 0 0 0 0 0 0 0 0 0 0 0 0 0 0 0 0 0 0]
        [0 0 0 0 0 0 0 0 0 1 0 0 0 0 0 0 0 0 0 0 0 0 0 0 0 0 0 0 0 0 0 0 0 0 0 0 0 0 0 0 0 0 0 0 0 0 0 0 0 0 0 0 0 0 0 0 0]
        [0 0 0 0 0 0 0 0 0 0 0 1 0 0 0 0 0 0 0 0 0 0 0 0 0 0 0 0 0 0 0 0 0 0 0 0 0 0 0 0 0 0 0 0 0 0 0 0 0 0 0 0 0 0 0 0 0]
        [0 0 0 0 0 0 0 0 0 0 0 0 1 0 0 0 0 0 0 0 0 0 0 0 0 0 0 0 0 0 0 0 0 0 0 0 0 0 0 0 0 0 0 0 0 0 0 0 0 0 0 0 0 0 0 0 0]
        [0 0 0 0 0 0 0 0 1 0 0 0 0 0 0 0 0 0 0 0 0 0 0 0 0 0 0 0 0 0 0 0 0 0 0 0 0 0 0 0 0 0 0 0 0 0 0 0 0 0 0 0 0 0 0 0 0]
        [0 0 0 0 0 0 0 1 0 0 0 0 0 0 0 0 0 0 0 0 0 0 0 0 0 0 0 0 0 0 0 0 0 0 0 0 0 0 0 0 0 0 0 0 0 0 0 0 0 0 0 0 0 0 0 0 0]
        [0 0 0 0 1 0 0 0 0 0 0 0 0 0 0 0 0 0 0 0 0 0 0 0 0 0 0 0 0 0 0 0 0 0 0 0 0 0 0 0 0 0 0 0 0 0 0 0 0 0 0 0 0 0 0 0 0]
        [0 0 0 1 0 0 0 0 0 0 0 0 0 0 0 0 0 0 0 0 0 0 0 0 0 0 0 0 0 0 0 0 0 0 0 0 0 0 0 0 0 0 0 0 0 0 0 0 0 0 0 0 0 0 0 0 0]
        [0 0 0 0 0 1 0 0 0 0 0 0 0 0 0 0 0 0 0 0 0 0 0 0 0 0 0 0 0 0 0 0 0 0 0 0 0 0 0 0 0 0 0 0 0 0 0 0 0 0 0 0 0 0 0 0 0]
        [0 0 0 0 0 0 1 0 0 0 0 0 0 0 0 0 0 0 0 0 0 0 0 0 0 0 0 0 0 0 0 0 0 0 0 0 0 0 0 0 0 0 0 0 0 0 0 0 0 0 0 0 0 0 0 0 0]
        [0 0 0 0 0 0 0 0 0 0 0 0 0 0 -1 0 0 0 0 -1/64 0 1/64 0 -1/64 0 1/64 0 0 0 1/64 1/64 0 0 0 1/64 1/64 -1/2048 0 0 0 0 0 1/2048 0 1/2048 0 0 0 0 1/2048 0
            0 0 -1/2048 0 -1/2048 -1/2048]
        [0 0 0 0 0 0 0 0 0 0 0 0 0 -1 0 0 -1/64 0 0 0 0 1/64 0 0 0 1/64 0 0 -1/64 1/64 0 1/64 1/64 0 0 1/64 0 0 -1/2048 0 0 0 1/2048 0 1/2048 0 0 0 0 1/2048 0
            0 -1/2048 -1/2048 0 0 -1/2048]
        [0 0 0 0 0 0 0 0 0 0 0 0 0 0 0 1 0 0 0 0 0 0 0 0 0 0 0 0 0 0 0 0 0 0 0 0 0 1/32 0 0 -1/32 0 0 0 0 0 0 0 0 0 0 0 0 0 0 0 0]
        [0 0 0 0 0 0 0 0 0 0 0 0 0 0 0 0 0 0 0 0 0 0 0 1 0 0 0 0 0 0 0 0 0 0 0 0 0 0 0 0 0 0 0 0 0 0 0 0 0 0 0 0 0 0 0 0 0]
        [0 0 0 0 0 0 0 0 0 0 0 0 0 0 0 0 0 1 0 0 0 0 0 0 0 0 0 0 0 0 0 0 0 0 0 0 0 0 0 1/32 0 0 0 -1/32 0 0 0 0 0 0 0 0 0 0 0 0 0]
        [0 0 0 0 0 0 0 0 0 0 0 0 0 0 0 0 0 0 0 0 0 0 0 0 0 0 1 0 0 0 0 0 0 0 0 0 0 0 0 0 0 0 0 0 0 0 0 0 0 0 0 0 0 0 0 0 0]
        [0 0 0 0 0 0 0 0 0 0 0 0 0 0 0 0 0 0 0 0 0 0 0 0 0 0 0 0 1 0 0 0 0 0 0 0 0 0 0 0 0 0 0 0 0 0 0 0 0 0 0 0 0 0 0 0 0]
        [0 0 0 0 0 0 0 0 0 0 0 0 0 0 0 0 0 0 0 0 0 0 0 0 0 0 0 1 0 0 0 0 0 0 0 0 0 0 0 0 0 0 0 0 0 0 0 0 0 0 0 0 0 0 0 0 0]
        [0 0 0 0 0 0 0 0 0 0 0 0 0 0 0 0 0 0 0 0 0 0 0 0 0 0 0 0 0 1 0 0 0 0 0 0 0 0 0 0 0 0 0 0 0 0 0 0 0 0 0 0 0 0 0 0 0]
        [0 0 0 0 0 0 0 0 0 0 0 0 0 0 0 0 0 0 0 0 0 0 0 0 1 0 0 0 0 0 0 0 0 0 0 0 0 0 0 0 0 0 0 0 0 0 0 1/32 -1/32 0 0 0 0 0 0 0 0]
        [0 0 0 0 0 0 0 0 0 0 0 0 0 0 0 0 1 0 0 0 0 0 0 0 0 0 0 0 0 0 0 0 0 0 0 0 0 0 0 0 0 0 0 0 0 0 0 0 0 0 0 0 0 0 0 0 0]
        [0 0 0 0 0 0 0 0 0 0 0 0 0 0 0 0 0 0 0 0 0 0 1 0 0 0 0 0 0 0 0 0 0 0 0 0 0 0 0 0 0 0 1/32 0 0 0 0 -1/32 0 0 0 0 0 0 0 0 0]
        [0 0 0 0 0 0 0 0 0 0 0 0 0 0 0 0 0 0 0 0 0 0 0 0 0 1 0 0 0 0 0 0 0 0 0 0 0 0 0 0 0 0 1/32 0 0 0 0 0 -1/32 0 0 0 0 0 0 0 0]
        [0 0 0 0 0 0 0 0 0 0 0 0 0 0 0 0 0 0 1 0 0 0 0 0 0 0 0 0 0 0 0 0 0 0 0 0 0 0 0 0 0 0 0 0 0 0 0 0 0 0 0 0 0 0 0 0 0]
        [0 0 0 0 0 0 0 0 0 0 0 0 0 0 0 0 0 0 0 0 1 0 0 0 0 0 0 0 0 0 0 0 0 0 0 0 0 0 0 0 0 0 0 0 0 0 0 0 0 0 0 0 0 0 0 0 0]
        [0 0 0 0 0 0 0 0 0 0 0 0 0 0 0 0 0 0 0 1 0 0 0 0 0 0 0 0 0 0 0 0 0 0 0 0 0 0 0 0 0 0 0 0 0 0 0 0 0 0 0 0 0 0 0 0 0]
        [0 0 0 0 0 0 0 0 0 0 0 0 0 0 0 0 0 0 0 0 0 1 0 0 0 0 0 0 0 0 0 0 0 0 0 0 0 0 0 0 0 0 0 0 0 0 0 0 0 0 0 0 0 0 0 0 0]
        [0 0 0 0 0 0 0 0 0 0 0 0 0 0 0 0 0 0 0 0 0 0 0 0 0 0 0 0 0 0 0 0 1 0 0 0 0 0 0 0 0 0 0 0 0 0 0 0 0 0 0 0 0 0 0 0 0]
        [0 0 0 0 0 0 0 0 0 0 0 0 0 0 0 0 0 0 0 0 0 0 0 0 0 0 0 0 0 0 0 0 0 0 1 0 0 0 0 0 0 0 0 0 0 0 0 0 0 0 0 0 0 0 0 0 0]
        [0 0 0 0 0 0 0 0 0 0 0 0 0 0 0 0 0 0 0 0 0 0 0 0 0 0 0 0 0 0 1 0 0 0 0 0 0 0 0 0 0 0 0 0 0 0 0 0 0 0 0 0 0 0 0 0 0]
        [0 0 0 0 0 0 0 0 0 0 0 0 0 0 0 0 0 0 0 0 0 0 0 0 0 0 0 0 0 0 0 0 0 1 0 0 0 0 0 0 0 0 0 0 0 0 0 0 0 0 0 1/32 0 0 -1/32 0 0]
        [0 0 0 0 0 0 0 0 0 0 0 0 0 0 0 0 0 0 0 0 0 0 0 0 0 0 0 0 0 0 0 1 0 0 0 0 0 0 0 0 0 0 0 0 0 0 0 0 0 0 0 0 0 0 0 0 0]
        [0 0 0 0 0 0 0 0 0 0 0 0 0 0 0 0 0 0 0 0 0 0 0 0 0 0 0 0 0 0 0 0 0 0 0 1 0 0 0 0 0 0 0 0 0 0 0 0 0 0 0 0 0 0 0 0 0]
        [0 0 0 0 0 0 0 0 0 0 0 0 0 0 0 0 0 0 0 0 0 0 0 0 0 0 0 0 0 0 0 0 0 0 0 0 0 0 1 0 0 0 0 0 0 0 0 0 0 0 0 0 0 0 0 0 0]
        [0 0 0 0 0 0 0 0 0 0 0 0 0 0 0 0 0 0 0 0 0 0 0 0 0 0 0 0 0 0 0 0 0 0 0 0 0 0 0 0 1 0 0 0 0 0 0 0 0 0 0 0 0 0 0 0 0]
        [0 0 0 0 0 0 0 0 0 0 0 0 0 0 0 0 0 0 0 0 0 0 0 0 0 0 0 0 0 0 0 0 0 0 0 0 1 0 0 0 0 0 0 0 0 0 0 0 0 0 0 0 0 0 0 0 0]
        [0 0 0 0 0 0 0 0 0 0 0 0 0 0 0 0 0 0 0 0 0 0 0 0 0 0 0 0 0 0 0 0 0 0 0 0 0 0 0 0 0 0 0 1 0 0 0 0 0 0 0 0 0 0 0 0 0]
        [0 0 0 0 0 0 0 0 0 0 0 0 0 0 0 0 0 0 0 0 0 0 0 0 0 0 0 0 0 0 0 0 0 0 0 0 0 1 0 0 0 0 0 0 0 0 0 0 0 0 0 0 0 0 0 0 0]
        [0 0 0 0 0 0 0 0 0 0 0 0 0 0 0 0 0 0 0 0 0 0 0 0 0 0 0 0 0 0 0 0 0 0 0 0 0 0 0 0 0 1 0 0 0 0 0 0 0 0 0 0 0 0 0 0 0]
        [0 0 0 0 0 0 0 0 0 0 0 0 0 0 0 0 0 0 0 0 0 0 0 0 0 0 0 0 0 0 0 0 0 0 0 0 0 0 0 0 0 0 0 0 0 0 0 0 1 0 0 0 0 0 0 0 0]
        [0 0 0 0 0 0 0 0 0 0 0 0 0 0 0 0 0 0 0 0 0 0 0 0 0 0 0 0 0 0 0 0 0 0 0 0 0 0 0 1 0 0 0 0 0 0 0 0 0 0 0 0 0 0 0 0 0]
        [0 0 0 0 0 0 0 0 0 0 0 0 0 0 0 0 0 0 0 0 0 0 0 0 0 0 0 0 0 0 0 0 0 0 0 0 0 0 0 0 0 0 0 0 0 0 0 0 0 1 0 0 0 0 0 0 0]
        [0 0 0 0 0 0 0 0 0 0 0 0 0 0 0 0 0 0 0 0 0 0 0 0 0 0 0 0 0 0 0 0 0 0 0 0 0 0 0 0 0 0 0 0 0 0 0 0 0 0 1 0 0 0 0 0 0]
        [0 0 0 0 0 0 0 0 0 0 0 0 0 0 0 0 0 0 0 0 0 0 0 0 0 0 0 0 0 0 0 0 0 0 0 0 0 0 0 0 0 0 0 0 0 0 1 0 0 0 0 0 0 0 0 0 0]
        [0 0 0 0 0 0 0 0 0 0 0 0 0 0 0 0 0 0 0 0 0 0 0 0 0 0 0 0 0 0 0 0 0 0 0 0 0 0 0 0 0 0 0 0 0 0 0 1 0 0 0 0 0 0 0 0 0]
        [0 0 0 0 0 0 0 0 0 0 0 0 0 0 0 0 0 0 0 0 0 0 0 0 0 0 0 0 0 0 0 0 0 0 0 0 0 0 0 0 0 0 1 0 0 0 0 0 0 0 0 0 0 0 0 0 0]
        [0 0 0 0 0 0 0 0 0 0 0 0 0 0 0 0 0 0 0 0 0 0 0 0 0 0 0 0 0 0 0 0 0 0 0 0 0 0 0 0 0 0 0 0 1 0 0 0 0 0 0 0 0 0 0 0 0]
        [0 0 0 0 0 0 0 0 0 0 0 0 0 0 0 0 0 0 0 0 0 0 0 0 0 0 0 0 0 0 0 0 0 0 0 0 0 0 0 0 0 0 0 0 0 1 0 0 0 0 0 0 0 0 0 0 0]
        [0 0 0 0 0 0 0 0 0 0 0 0 0 0 0 0 0 0 0 0 0 0 0 0 0 0 0 0 0 0 0 0 0 0 0 0 0 0 0 0 0 0 0 0 0 0 0 0 0 0 0 0 0 0 1 0 0]
        [0 0 0 0 0 0 0 0 0 0 0 0 0 0 0 0 0 0 0 0 0 0 0 0 0 0 0 0 0 0 0 0 0 0 0 0 0 0 0 0 0 0 0 0 0 0 0 0 0 0 0 0 0 0 0 1 0]
        [0 0 0 0 0 0 0 0 0 0 0 0 0 0 0 0 0 0 0 0 0 0 0 0 0 0 0 0 0 0 0 0 0 0 0 0 0 0 0 0 0 0 0 0 0 0 0 0 0 0 0 0 0 1 0 0 0]
        [0 0 0 0 0 0 0 0 0 0 0 0 0 0 0 0 0 0 0 0 0 0 0 0 0 0 0 0 0 0 0 0 0 0 0 0 0 0 0 0 0 0 0 0 0 0 0 0 0 0 0 1 0 0 0 0 0]
        [0 0 0 0 0 0 0 0 0 0 0 0 0 0 0 0 0 0 0 0 0 0 0 0 0 0 0 0 0 0 0 0 0 0 0 0 0 0 0 0 0 0 0 0 0 0 0 0 0 0 0 0 1 0 0 0 0]
        [0 0 0 0 0 0 0 0 0 0 0 0 0 0 0 0 0 0 0 0 0 0 0 0 0 0 0 0 0 0 0 0 0 0 0 0 0 0 0 0 0 0 0 0 0 0 0 0 0 0 0 0 0 0 0 0 1]

        [0 0 0 0 0 0 0 0 0 0 0 0 0 -1 0 0 -1/64 0 0 0 0 1/64 0 0 0 1/64 0 0 -1/64 1/64 0 1/64 1/64 0 0 1/64 0 0 -1/2048 0 0 0 1/2048 0 1/2048 0 0 0 0 1/2048 0
            0 -1/2048 -1/2048 0 0 -1/2048]
        [0 0 0 0 0 0 0 0 0 0 0 0 1 0 0 0 0 0 0 0 0 0 0 0 0 0 0 0 0 0 0 0 0 0 0 0 0 0 0 0 0 0 0 0 0 0 0 0 0 0 0 0 0 0 0 0 0]
        [-1 1 -1 0 0 0 0 0 0 -1 -1 0 1 1 0 -1/64 1/64 -1/64 1/32 1/64 0 -1/64 0 0 0 -1/32 0 0 1/32 -1/64 0 1/64 1/64 1/32 1/32 -1/32 1/2048 -1/4096 1/1024 
            1/4096 3/4096 -1/2048 -3/4096 3/4096 -1/4096 0 0 1/4096 3/4096 -1/4096 0 -1/2048 -1/4096 -1/1024 -3/2048 -3/4096 5/4096]
        [0 0 0 0 1 0 0 0 0 0 0 0 0 0 0 0 0 0 0 0 0 0 0 0 0 0 0 0 0 0 0 0 0 0 0 0 0 0 0 0 0 0 0 0 0 0 0 0 0 0 0 0 0 0 0 0 0]
        [0 0 0 1 0 0 0 0 0 0 0 0 0 0 0 0 0 0 0 0 0 0 0 0 0 0 0 0 0 0 0 0 0 0 0 0 0 0 0 0 0 0 0 0 0 0 0 0 0 0 0 0 0 0 0 0 0]
        [0 0 0 0 1 0 0 0 -1 0 1 -1 0 0 0 0 0 0 0 0 0 0 0 0 0 0 -1/64 0 0 0 0 1/64 1/64 1/32 -1/64 0 0 -1/4096 -1/4096 0 0 1/2048 0 -1/2048 0 1/4096 0 1/4096 
            1/4096 1/4096 0 1/2048 -3/4096 -1/4096 -1/1024 1/2048 1/4096]
        [1 0 0 0 0 0 0 1 0 0 0 0 -1 0 1 0 0 0 1/64 0 0 0 0 0 0 0 0 0 0 0 -1/64 0 0 -1/64 -1/32 1/64 1/4096 0 0 0 1/4096 0 -1/4096 -1/2048 -1/2048 0 1/2048 0 0
            -1/4096 -1/4096 1/4096 -1/4096 1/4096 1/4096 1/1024 -1/2048]
        [0 0 0 0 0 0 0 0 1 0 0 0 0 0 0 0 0 0 0 0 0 0 0 0 0 0 1/32 0 0 0 0 0 -1/32 0 0 0 0 1/2048 1/2048 0 0 0 0 0 0 -1/2048 0 0 -1/2048 -1/2048 0 -1/2048 
            1/2048 0 1/2048 0 0]
        [0 0 0 0 0 0 0 1 0 0 0 0 0 0 0 0 0 0 1/32 0 0 0 0 0 0 0 0 0 0 0 -1/32 0 0 0 0 0 1/2048 0 0 0 1/2048 0 -1/2048 0 -1/2048 0 0 0 0 0 -1/2048 1/2048 0 0 
            -1/2048 1/2048 0]
        [0 0 0 0 0 0 0 0 0 0 1 0 0 0 0 0 0 0 0 0 0 0 0 0 0 0 0 0 0 0 0 0 0 0 0 0 0 0 0 0 0 0 0 0 0 0 0 0 0 0 0 0 0 0 0 0 0]
        [0 0 0 0 0 0 0 0 0 1 0 0 0 0 0 0 0 0 0 0 0 0 0 0 0 0 0 0 0 0 0 0 0 0 0 0 0 0 0 0 0 0 0 0 0 0 0 0 0 0 0 0 0 0 0 0 0]
        [0 0 0 1 0 -1 0 -1 0 1 0 0 0 0 0 0 0 0 -1/64 0 0 0 0 0 0 0 0 0 0 0 1/64 -1/64 0 1/32 1/64 0 -1/4096 0 0 -1/2048 -1/4096 1/2048 1/4096 0 1/4096 0 0 
            1/4096 0 0 1/4096 0 1/2048 -1/4096 -1/2048 -3/4096 1/4096]
        [0 1 0 0 0 0 0 0 0 0 0 0 0 0 0 0 0 0 0 0 0 0 0 0 0 0 0 0 0 0 0 0 0 0 0 0 0 0 0 0 0 0 0 0 0 0 0 0 0 0 0 0 0 0 0 0 0]
        [-1 0 0 0 0 0 0 0 0 0 0 0 0 0 0 1/64 0 0 1/64 0 0 0 1/64 0 1/64 0 0 -1/64 -1/64 0 0 0 0 0 1/64 1/64 1/2048 0 0 0 0 0 0 0 0 0 0 1/2048 -1/2048 0 1/2048
            0 0 -1/2048 0 -1/2048 -1/2048]
        [0 1 0 0 0 0 1 0 -1 0 0 0 0 1 0 0 1/64 0 0 0 0 -1/64 0 0 0 -1/64 -1/64 0 1/64 -1/64 0 1/64 0 1/64 0 -1/32 0 -1/4096 1/4096 1/2048 0 0 -1/2048 0 
            -1/4096 1/4096 -1/2048 0 1/4096 0 0 1/4096 -1/2048 1/4096 -3/4096 1/4096 1/1024]
        [0 0 0 0 0 0 0 0 0 0 0 0 0 0 0 0 0 0 0 0 0 0 0 0 0 1 0 0 0 0 0 0 0 0 0 0 0 0 0 0 0 0 0 0 0 0 0 0 0 0 0 0 0 0 0 0 0]
        [0 0 0 0 0 0 0 0 0 0 0 0 0 0 0 0 0 0 0 0 0 0 0 0 0 0 0 1 0 0 0 0 0 0 0 0 0 1/32 0 0 0 0 0 0 0 0 0 0 0 0 -1/32 0 0 0 0 0 0]
        [0 0 0 0 0 0 0 0 0 0 0 0 0 0 0 0 0 1 0 0 0 0 0 0 0 0 0 0 0 0 0 0 0 0 0 0 0 0 0 1/32 0 0 0 -1/32 0 0 0 0 0 0 0 0 0 0 0 0 0]
        [0 0 0 0 0 0 0 0 0 0 0 0 0 0 0 0 0 0 0 0 0 0 0 0 0 0 0 0 0 0 0 0 1 0 0 0 0 0 0 0 0 0 0 0 0 0 0 0 0 0 0 0 0 0 0 0 0]
        [0 0 0 0 0 0 0 0 0 0 0 0 0 0 0 0 0 0 0 1 0 0 0 0 0 0 0 0 0 0 0 0 0 0 0 0 1/32 0 0 0 0 0 0 0 0 -1/32 0 0 0 0 0 0 0 0 0 0 0]
        [0 0 0 0 0 0 0 0 0 0 0 0 0 0 0 0 0 0 0 0 0 0 0 1 0 0 0 0 0 0 0 0 0 0 0 0 1/32 0 0 0 0 0 0 0 0 0 0 0 -1/32 0 0 0 0 0 0 0 0]
        [0 0 0 0 0 0 0 0 0 0 0 0 0 0 0 0 0 0 0 0 0 0 1 0 0 0 0 0 0 0 0 0 0 0 0 0 1/32 0 0 0 0 0 0 0 0 0 0 0 0 0 0 0 -1/32 0 0 0 0]
        [0 0 0 0 0 0 0 0 0 0 0 0 0 0 0 0 0 0 0 0 0 1 0 0 0 0 0 0 0 0 0 0 0 0 0 0 0 0 0 0 0 0 0 0 1/32 -1/32 0 0 0 0 0 0 0 0 0 0 0]
        [0 0 0 0 0 0 0 0 0 0 0 0 0 0 0 0 0 0 0 0 1 0 0 0 0 0 0 0 0 0 0 0 0 0 0 0 0 0 0 0 1/32 0 0 0 0 -1/32 0 0 0 0 0 0 0 0 0 0 0]
        [0 0 0 0 0 0 0 0 0 0 0 0 0 0 0 0 0 0 0 0 0 0 0 0 0 0 0 0 0 1 0 0 0 0 0 0 0 0 0 0 1/32 0 0 0 0 0 0 0 0 1/32 -1/32 0 0 0 0 0 -1/32]
        [0 0 0 0 0 0 0 0 0 0 0 0 0 0 0 1 0 0 0 0 0 0 0 0 0 0 0 0 0 0 0 0 0 0 0 0 0 0 0 0 0 0 0 0 0 0 0 0 0 0 0 0 0 0 0 0 0]
        [0 0 0 0 0 0 0 0 0 0 0 0 0 0 0 0 0 0 0 0 0 0 0 0 0 0 0 0 0 0 1 0 0 0 0 0 0 0 0 0 0 0 0 0 0 0 0 0 0 0 0 0 0 0 0 0 0]
        [0 0 0 0 0 0 0 0 0 0 0 0 0 0 0 0 1 0 0 0 0 0 0 0 0 0 0 0 0 0 0 0 0 0 0 0 0 0 1/32 0 0 0 -1/32 0 0 0 0 0 0 0 0 0 0 0 0 0 0]
        [0 0 0 0 0 0 0 0 0 0 0 0 0 0 0 0 0 0 0 0 0 0 0 0 0 0 0 0 1 0 0 0 0 0 0 0 0 0 1/32 0 0 0 0 0 0 0 0 0 0 0 -1/32 0 0 0 0 0 0]
        [0 0 0 0 0 0 0 0 0 0 0 0 0 0 0 0 0 0 0 0 0 0 0 0 1 0 0 0 0 0 0 0 0 0 0 0 0 0 1/32 0 0 0 0 0 0 0 0 1/32 -1/32 0 0 0 0 0 0 -1/32 0]
        [0 0 0 0 0 0 0 0 0 0 0 0 0 0 0 0 0 0 0 0 0 0 0 0 0 0 1 0 0 0 0 0 0 0 0 0 0 0 0 0 0 0 0 0 0 0 0 0 0 0 0 0 0 0 0 0 0]
        [0 0 0 0 0 0 0 0 0 0 0 0 0 0 0 0 0 0 0 0 0 0 0 0 0 0 0 0 0 0 0 0 0 0 1 0 0 0 0 0 0 0 0 0 1/32 0 0 0 0 0 0 0 0 0 0 -1/32 0]
        [0 0 0 0 0 0 0 0 0 0 0 0 0 0 0 0 0 0 1 0 0 0 0 0 0 0 0 0 0 0 0 0 0 0 0 0 0 0 0 0 0 0 0 0 0 0 0 0 0 0 0 0 0 0 0 0 0]
        [0 0 0 0 0 0 0 0 0 0 0 0 0 0 0 0 0 0 0 0 0 0 0 0 0 0 0 0 0 0 0 0 0 1 0 0 0 0 0 0 0 0 0 0 0 0 0 0 0 0 0 0 0 0 0 0 0]
        [0 0 0 0 0 0 0 0 0 0 0 0 0 0 0 0 0 0 0 0 0 0 0 0 0 0 0 0 0 0 0 1 0 0 0 0 0 0 0 0 0 0 0 0 0 0 0 0 0 1/32 0 0 -1/32 0 0 0 0]
        [0 0 0 0 0 0 0 0 0 0 0 0 0 0 0 0 0 0 0 0 0 0 0 0 0 0 0 0 0 0 0 0 0 0 0 1 0 0 0 0 0 0 0 0 0 0 0 1/32 0 0 0 0 0 0 0 0 -1/32]
        [0 0 0 0 0 0 0 0 0 0 0 0 0 0 0 0 0 0 0 0 0 0 0 0 0 0 0 0 0 0 0 0 0 0 0 0 0 0 0 0 0 0 0 0 0 1 0 0 0 0 0 0 0 0 0 0 0]
        [0 0 0 0 0 0 0 0 0 0 0 0 0 0 0 0 0 0 0 0 0 0 0 0 0 0 0 0 0 0 0 0 0 0 0 0 0 0 0 0 0 0 1 0 0 0 0 0 0 0 0 0 0 0 0 0 0]
        [0 0 0 0 0 0 0 0 0 0 0 0 0 0 0 0 0 0 0 0 0 0 0 0 0 0 0 0 0 0 0 0 0 0 0 0 0 0 0 0 0 0 0 0 0 0 0 0 0 0 1 0 0 0 0 0 0]
        [0 0 0 0 0 0 0 0 0 0 0 0 0 0 0 0 0 0 0 0 0 0 0 0 0 0 0 0 0 0 0 0 0 0 0 0 0 0 0 0 0 0 0 1 0 0 0 0 0 0 0 0 0 0 0 0 0]
        [0 0 0 0 0 0 0 0 0 0 0 0 0 0 0 0 0 0 0 0 0 0 0 0 0 0 0 0 0 0 0 0 0 0 0 0 0 0 0 0 0 0 0 0 0 0 0 0 1 0 0 0 0 0 0 0 0]
        [0 0 0 0 0 0 0 0 0 0 0 0 0 0 0 0 0 0 0 0 0 0 0 0 0 0 0 0 0 0 0 0 0 0 0 0 0 0 0 0 0 1 0 0 0 0 0 0 0 0 0 0 0 0 0 0 0]
        [0 0 0 0 0 0 0 0 0 0 0 0 0 0 0 0 0 0 0 0 0 0 0 0 0 0 0 0 0 0 0 0 0 0 0 0 0 1 0 0 0 0 0 0 0 0 0 0 0 0 0 0 0 0 0 0 0]
        [0 0 0 0 0 0 0 0 0 0 0 0 0 0 0 0 0 0 0 0 0 0 0 0 0 0 0 0 0 0 0 0 0 0 0 0 0 0 0 1 0 0 0 0 0 0 0 0 0 0 0 0 0 0 0 0 0]
        [0 0 0 0 0 0 0 0 0 0 0 0 0 0 0 0 0 0 0 0 0 0 0 0 0 0 0 0 0 0 0 0 0 0 0 0 0 0 0 0 0 0 0 0 0 0 0 0 0 0 0 0 1 0 0 0 0]
        [0 0 0 0 0 0 0 0 0 0 0 0 0 0 0 0 0 0 0 0 0 0 0 0 0 0 0 0 0 0 0 0 0 0 0 0 1 0 0 0 0 0 0 0 0 0 0 0 0 0 0 0 0 0 0 0 0]
        [0 0 0 0 0 0 0 0 0 0 0 0 0 0 0 0 0 0 0 0 0 0 0 0 0 0 0 0 0 0 0 0 0 0 0 0 0 0 0 0 0 0 0 0 0 0 1 0 0 0 0 0 0 0 0 0 0]
        [0 0 0 0 0 0 0 0 0 0 0 0 0 0 0 0 0 0 0 0 0 0 0 0 0 0 0 0 0 0 0 0 0 0 0 0 0 0 0 0 0 0 0 0 0 0 0 0 0 0 0 0 0 0 0 0 1]
        [0 0 0 0 0 0 0 0 0 0 0 0 0 0 0 0 0 0 0 0 0 0 0 0 0 0 0 0 0 0 0 0 0 0 0 0 0 0 0 0 1 0 0 0 0 0 0 0 0 0 0 0 0 0 0 0 0]
        [0 0 0 0 0 0 0 0 0 0 0 0 0 0 0 0 0 0 0 0 0 0 0 0 0 0 0 0 0 0 0 0 0 0 0 0 0 0 0 0 0 0 0 0 0 0 0 0 0 0 0 0 0 0 0 1 0]
        [0 0 0 0 0 0 0 0 0 0 0 0 0 0 0 0 0 0 0 0 0 0 0 0 0 0 0 0 0 0 0 0 0 0 0 0 0 0 1 0 0 0 0 0 0 0 0 0 0 0 0 0 0 0 0 0 0]
        [0 0 0 0 0 0 0 0 0 0 0 0 0 0 0 0 0 0 0 0 0 0 0 0 0 0 0 0 0 0 0 0 0 0 0 0 0 0 0 0 0 0 0 0 0 0 0 0 0 0 0 1 0 0 0 0 0]
        [0 0 0 0 0 0 0 0 0 0 0 0 0 0 0 0 0 0 0 0 0 0 0 0 0 0 0 0 0 0 0 0 0 0 0 0 0 0 0 0 0 0 0 0 1 0 0 0 0 0 0 0 0 0 0 0 0]
        [0 0 0 0 0 0 0 0 0 0 0 0 0 0 0 0 0 0 0 0 0 0 0 0 0 0 0 0 0 0 0 0 0 0 0 0 0 0 0 0 0 0 0 0 0 0 0 0 0 0 0 0 0 1 0 0 0]
        [0 0 0 0 0 0 0 0 0 0 0 0 0 0 0 0 0 0 0 0 0 0 0 0 0 0 0 0 0 0 0 0 0 0 0 0 0 0 0 0 0 0 0 0 0 0 0 0 0 0 0 0 0 0 1 0 0]
        [0 0 0 0 0 0 0 0 0 0 0 0 0 0 0 0 0 0 0 0 0 0 0 0 0 0 0 0 0 0 0 0 0 0 0 0 0 0 0 0 0 0 0 0 0 0 0 0 0 1 0 0 0 0 0 0 0]
        [0 0 0 0 0 0 0 0 0 0 0 0 0 0 0 0 0 0 0 0 0 0 0 0 0 0 0 0 0 0 0 0 0 0 0 0 0 0 0 0 0 0 0 0 0 0 0 1 0 0 0 0 0 0 0 0 0],

    MatrixGroup(57, Rational Field) of order 2^2
    Generators:
        [0 0 0 0 0 0 0 0 0 -1 0 0 0 1 0 0 1/64 1/64 0 0 0 -1/64 0 0 0 0 0 0 0 -1/64 0 1/32 -1/64 1/64 0 0 0 0 1/4096 5/4096 0 1/2048 -1/4096 -1/2048 -1/2048 0
            -1/2048 0 -1/4096 1/4096 1/4096 0 -1/4096 -1/1024 1/4096 0 1/4096]
        [-1 0 -1 0 1 -1 -1 -1 0 0 0 -1 1 0 0 0 -1/64 1/64 -1/64 0 -1/64 0 0 1/64 0 0 0 1/64 0 0 1/64 1/32 1/32 3/64 1/64 1/64 -1/4096 1/2048 -1/4096 0 -1/2048
            3/4096 1/2048 0 3/4096 3/4096 -1/4096 3/4096 0 -1/4096 1/4096 0 -3/4096 -7/4096 -1/1024 -1/4096 -1/4096]
        [0 0 0 0 0 0 0 -1 0 0 0 0 1 0 -1 0 0 0 1/64 0 0 1/64 -1/64 0 -1/64 0 0 0 1/64 1/64 1/64 0 0 1/64 1/64 -1/64 0 0 0 0 1/4096 0 1/4096 1/4096 1/4096 
            -1/2048 -1/4096 -1/4096 1/2048 1/4096 0 -1/4096 1/2048 0 -1/1024 -1/2048 0]
        [0 0 0 1 0 0 0 0 0 0 0 0 0 0 0 1/32 0 0 0 0 0 0 0 0 0 0 0 0 0 0 0 -1/32 0 0 0 0 0 1/2048 0 -1/2048 -1/2048 1/2048 0 0 0 0 0 -1/2048 0 -1/2048 0 0 
            1/2048 1/2048 0 0 0]
        [0 0 0 0 1 0 0 0 0 0 0 0 0 0 0 0 0 0 0 0 0 0 0 0 0 1/32 0 0 0 0 0 0 0 0 -1/32 0 0 0 0 0 0 1/2048 1/2048 -1/2048 -1/2048 0 0 0 -1/2048 0 0 0 0 1/2048 0
            1/2048 -1/2048]
        [0 0 0 1 0 -1 0 0 0 0 0 0 0 0 0 1/64 0 0 1/64 0 0 0 0 0 0 0 -1/64 0 0 0 -1/64 -1/64 1/64 1/32 0 0 0 0 0 -1/4096 1/4096 3/4096 -1/4096 0 -1/2048 0 0 
            -1/4096 0 0 0 3/4096 1/4096 -1/4096 -1/1024 1/4096 0]
        [0 -1 1 0 0 0 0 0 0 1 0 0 -1 -1 0 1/64 0 1/32 0 -1/64 1/64 1/64 0 -1/64 0 1/32 0 -1/64 -1/32 1/64 0 -1/64 -1/64 -1/64 1/64 3/64 -1/4096 0 -1/2048 
            1/4096 1/4096 3/4096 1/4096 -3/4096 0 -1/2048 -1/4096 1/4096 -1/2048 3/4096 1/4096 1/2048 3/4096 -1/2048 1/1024 -1/2048 -7/4096]
        [0 0 0 0 0 1 0 0 0 0 0 1 0 0 0 1/64 0 0 0 0 0 0 0 0 0 1/64 0 0 0 0 1/64 -1/64 -1/64 -1/32 -1/64 0 0 1/4096 0 0 -1/4096 1/4096 1/2048 0 0 -1/4096 0 
            -1/2048 -1/2048 0 1/4096 -3/4096 1/4096 1/1024 3/4096 -1/4096 -1/2048]
        [0 0 0 1 1 -1 0 -1 -1 1 1 -1 0 0 0 1/64 0 0 0 0 0 0 0 0 0 1/64 -1/32 0 0 0 1/64 -1/64 1/64 1/32 -1/64 0 0 -1/4096 -1/2048 -1/2048 -1/4096 5/4096 
            1/2048 -1/2048 -1/2048 1/4096 0 0 0 0 1/4096 1/4096 1/4096 1/2048 -5/4096 1/4096 0]
        [0 0 0 0 0 0 0 0 0 0 1 0 0 0 0 1/32 0 0 0 0 0 0 0 0 0 0 0 0 0 0 0 0 0 0 -1/32 0 0 1/2048 0 0 -1/2048 1/2048 0 -1/2048 -1/2048 0 0 -1/2048 0 0 0 0 0 
            1/2048 0 1/2048 0]
        [0 0 0 0 0 0 0 0 0 1 0 0 0 0 0 0 0 0 0 0 0 0 0 0 0 1/32 0 0 0 0 0 -1/32 0 0 0 0 0 0 0 -1/2048 0 1/2048 1/2048 0 0 0 0 0 -1/2048 -1/2048 0 0 1/2048 
            1/2048 0 0 -1/2048]
        [0 0 0 -1 0 1 0 1 0 0 0 0 0 0 0 0 0 0 0 0 0 0 0 0 0 1/64 1/64 0 0 0 0 0 -1/64 0 -1/64 0 1/4096 0 0 1/4096 0 1/4096 1/2048 0 0 0 0 -1/4096 -1/2048 
            -1/4096 -1/4096 0 0 0 1/4096 1/4096 -1/2048]
        [0 0 1 0 -1 1 0 0 0 0 0 1 0 0 -1 1/64 1/64 1/32 0 -1/64 1/64 0 0 -1/64 0 1/64 0 -1/64 -1/64 0 0 -1/64 -1/32 -1/32 1/32 1/64 -1/4096 0 0 3/4096 -1/4096
            1/4096 1/4096 -1/4096 1/4096 -1/2048 -3/4096 -1/2048 -1/2048 1/2048 1/4096 1/4096 1/1024 0 5/4096 -5/4096 -1/2048]
        [1 0 0 0 0 0 0 0 0 0 1 0 0 0 0 0 0 0 1/64 0 0 0 0 1/64 -1/64 0 0 1/64 0 0 0 0 0 -1/64 -1/32 -1/64 1/2048 1/4096 -1/4096 0 1/4096 0 0 1/4096 -3/4096 0 
            0 -3/4096 0 -1/2048 -1/4096 0 -1/2048 1/1024 -1/4096 3/4096 1/2048]
        [0 0 0 0 -1 0 0 0 0 0 0 0 0 0 -1 0 0 1/64 0 -1/64 0 0 0 0 0 1/64 0 0 0 0 0 0 0 1/64 3/64 1/64 -1/4096 0 0 0 0 1/2048 1/4096 3/4096 3/4096 1/4096 
            -1/2048 0 -1/4096 0 0 3/4096 0 -3/2048 -1/2048 -3/4096 -1/4096]
        [0 0 0 0 0 0 0 0 0 0 0 0 0 0 0 0 0 0 0 0 0 0 0 0 0 0 0 0 0 0 0 1 0 0 0 0 0 0 0 1/32 0 0 0 0 0 0 0 0 0 0 0 0 0 -1/32 0 0 0]
        [0 0 0 0 0 0 0 0 0 0 0 0 0 0 0 0 0 0 0 0 0 0 0 0 1 0 0 0 0 0 0 0 0 0 0 0 0 0 0 0 0 0 0 0 0 0 0 0 0 0 0 0 0 0 0 0 0]
        [0 0 0 0 0 0 0 0 0 0 0 0 0 0 0 0 0 0 0 0 0 0 0 0 0 0 0 0 0 0 0 0 0 0 0 1 0 0 0 0 0 0 0 0 0 0 1/32 0 0 0 0 0 0 -1/32 0 0 0]
        [0 0 0 0 0 0 0 0 0 0 0 0 0 0 0 0 0 0 0 0 0 0 0 0 0 0 0 0 0 0 0 0 1 0 0 0 0 0 0 0 0 0 0 0 0 0 0 0 1/32 0 0 0 -1/32 0 0 0 0]
        [0 0 0 0 0 0 0 0 0 0 0 0 0 0 0 0 0 0 0 1 0 0 0 0 0 0 0 0 0 0 0 0 0 0 0 0 1/32 0 0 0 0 0 0 0 0 -1/32 0 0 0 0 0 0 0 0 0 0 0]
        [0 0 0 0 0 0 0 0 0 0 0 0 0 0 0 0 0 0 0 0 0 0 1 0 0 0 0 0 0 0 0 0 0 0 0 0 1/32 0 0 0 0 0 1/32 0 0 0 0 -1/32 0 0 0 0 -1/32 0 0 0 0]
        [0 0 0 0 0 0 0 0 0 0 0 0 0 0 0 0 0 0 0 0 0 0 0 1 0 0 0 0 0 0 0 0 0 0 0 0 1/32 0 0 0 0 0 0 1/32 0 0 0 0 -1/32 -1/32 0 0 0 0 0 0 0]
        [0 0 0 0 0 0 0 0 0 0 0 0 0 0 0 0 0 0 0 0 1 0 0 0 0 0 0 0 0 0 0 0 0 0 0 0 0 0 0 1/32 1/32 0 0 0 0 -1/32 0 0 0 0 0 0 0 0 0 -1/32 0]
        [0 0 0 0 0 0 0 0 0 0 0 0 0 0 0 0 0 0 0 0 0 1 0 0 0 0 0 0 0 0 0 0 0 0 0 0 0 1/32 0 0 0 0 0 0 1/32 -1/32 0 0 0 0 0 0 0 0 0 0 -1/32]
        [0 0 0 0 0 0 0 0 0 0 0 0 0 0 0 0 1 0 0 0 0 0 0 0 0 0 0 0 0 0 0 0 0 0 0 0 0 0 0 0 0 0 0 0 0 0 0 0 0 0 0 0 0 0 0 0 0]
        [0 0 0 0 0 0 0 0 0 0 0 0 0 0 0 0 0 0 0 0 0 0 0 0 0 0 0 0 0 0 0 0 0 0 1 0 0 0 0 0 0 0 0 1/32 1/32 0 0 0 0 0 0 0 0 -1/32 0 -1/32 0]
        [0 0 0 0 0 0 0 0 0 0 0 0 0 0 0 0 0 0 0 0 0 0 0 0 0 0 1 0 0 0 0 0 0 0 0 0 0 1/32 0 0 0 0 0 0 0 0 0 0 0 -1/32 0 0 0 0 0 0 0]
        [0 0 0 0 0 0 0 0 0 0 0 0 0 0 0 0 0 0 0 0 0 0 0 0 0 0 0 0 0 1 0 0 0 0 0 0 0 0 0 0 1/32 0 0 0 0 0 0 0 0 0 0 0 0 0 0 0 -1/32]
        [0 0 0 0 0 0 0 0 0 0 0 0 0 0 0 0 0 0 0 0 0 0 0 0 0 0 0 0 1 0 0 0 0 0 0 0 0 0 0 0 0 0 0 0 0 0 0 0 0 0 0 0 0 0 0 0 0]
        [0 0 0 0 0 0 0 0 0 0 0 0 0 0 0 0 0 0 0 0 0 0 0 0 0 0 0 1 0 0 0 0 0 0 0 0 0 0 0 0 0 0 0 1/32 0 0 0 0 0 0 0 0 -1/32 0 0 0 0]
        [0 0 0 0 0 0 0 0 0 0 0 0 0 0 0 0 0 0 0 0 0 0 0 0 0 0 0 0 0 0 1 0 0 0 0 0 0 0 0 0 0 0 1/32 0 0 0 0 0 0 0 0 0 0 0 0 -1/32 0]
        [0 0 0 0 0 0 0 0 0 0 0 0 0 0 0 1 0 0 0 0 0 0 0 0 0 0 0 0 0 0 0 0 0 0 0 0 0 0 0 0 0 1/32 0 0 0 0 0 -1/32 0 0 0 0 0 0 0 0 0]
        [0 0 0 0 0 0 0 0 0 0 0 0 0 0 0 0 0 0 1 0 0 0 0 0 0 0 0 0 0 0 0 0 0 0 0 0 0 0 0 0 1/32 0 0 0 -1/32 0 0 0 0 0 0 0 0 0 0 0 0]
        [0 0 0 0 0 0 0 0 0 0 0 0 0 0 0 0 0 0 0 0 0 0 0 0 0 0 0 0 0 0 0 0 0 1 0 0 0 0 0 0 0 1/32 0 0 0 0 0 0 0 0 0 0 0 -1/32 0 0 0]
        [0 0 0 0 0 0 0 0 0 0 0 0 0 0 0 0 0 0 0 0 0 0 0 0 0 1 0 0 0 0 0 0 0 0 0 0 0 0 0 0 0 1/32 1/32 0 0 0 0 0 -1/32 0 0 0 0 0 0 0 -1/32]
        [0 0 0 0 0 0 0 0 0 0 0 0 0 0 0 0 0 1 0 0 0 0 0 0 0 0 0 0 0 0 0 0 0 0 0 0 0 0 0 0 0 1/32 0 0 0 0 -1/32 0 0 0 0 0 0 0 0 0 0]
        [0 0 0 0 0 0 0 0 0 0 0 0 0 0 0 0 0 0 0 0 0 0 0 0 0 0 0 0 0 0 0 0 0 0 0 0 0 0 0 0 0 0 0 0 0 1 0 0 0 0 0 0 0 0 0 0 0]
        [0 0 0 0 0 0 0 0 0 0 0 0 0 0 0 0 0 0 0 0 0 0 0 0 0 0 0 0 0 0 0 0 0 0 0 0 0 0 0 0 0 0 0 0 0 0 0 0 0 1 0 0 0 0 0 0 0]
        [0 0 0 0 0 0 0 0 0 0 0 0 0 0 0 0 0 0 0 0 0 0 0 0 0 0 0 0 0 0 0 0 0 0 0 0 0 0 1 0 0 0 0 0 0 0 0 0 0 0 0 0 0 0 0 0 0]
        [0 0 0 0 0 0 0 0 0 0 0 0 0 0 0 0 0 0 0 0 0 0 0 0 0 0 0 0 0 0 0 0 0 0 0 0 0 0 0 0 0 0 0 0 0 0 0 1 0 0 0 0 0 0 0 0 0]
        [0 0 0 0 0 0 0 0 0 0 0 0 0 0 0 0 0 0 0 0 0 0 0 0 0 0 0 0 0 0 0 0 0 0 0 0 0 0 0 0 0 0 0 0 0 0 0 0 0 0 0 0 1 0 0 0 0]
        [0 0 0 0 0 0 0 0 0 0 0 0 0 0 0 0 0 0 0 0 0 0 0 0 0 0 0 0 0 0 0 0 0 0 0 0 0 0 0 0 0 0 0 0 0 0 0 0 0 0 0 0 0 1 0 0 0]
        [0 0 0 0 0 0 0 0 0 0 0 0 0 0 0 0 0 0 0 0 0 0 0 0 0 0 0 0 0 0 0 0 0 0 0 0 0 0 0 0 0 0 0 0 0 0 0 0 0 0 0 0 0 0 0 1 0]
        [0 0 0 0 0 0 0 0 0 0 0 0 0 0 0 0 0 0 0 0 0 0 0 0 0 0 0 0 0 0 0 0 0 0 0 0 0 0 0 0 0 0 0 0 0 0 0 0 0 0 0 0 0 0 0 0 1]
        [0 0 0 0 0 0 0 0 0 0 0 0 0 0 0 0 0 0 0 0 0 0 0 0 0 0 0 0 0 0 0 0 0 0 0 0 0 0 0 0 0 0 0 0 0 0 0 0 1 0 0 0 0 0 0 0 0]
        [0 0 0 0 0 0 0 0 0 0 0 0 0 0 0 0 0 0 0 0 0 0 0 0 0 0 0 0 0 0 0 0 0 0 0 0 1 0 0 0 0 0 0 0 0 0 0 0 0 0 0 0 0 0 0 0 0]
        [0 0 0 0 0 0 0 0 0 0 0 0 0 0 0 0 0 0 0 0 0 0 0 0 0 0 0 0 0 0 0 0 0 0 0 0 0 0 0 0 0 0 0 0 0 0 1 0 0 0 0 0 0 0 0 0 0]
        [0 0 0 0 0 0 0 0 0 0 0 0 0 0 0 0 0 0 0 0 0 0 0 0 0 0 0 0 0 0 0 0 0 0 0 0 0 0 0 1 0 0 0 0 0 0 0 0 0 0 0 0 0 0 0 0 0]
        [0 0 0 0 0 0 0 0 0 0 0 0 0 0 0 0 0 0 0 0 0 0 0 0 0 0 0 0 0 0 0 0 0 0 0 0 0 0 0 0 0 0 0 0 1 0 0 0 0 0 0 0 0 0 0 0 0]
        [0 0 0 0 0 0 0 0 0 0 0 0 0 0 0 0 0 0 0 0 0 0 0 0 0 0 0 0 0 0 0 0 0 0 0 0 0 1 0 0 0 0 0 0 0 0 0 0 0 0 0 0 0 0 0 0 0]
        [0 0 0 0 0 0 0 0 0 0 0 0 0 0 0 0 0 0 0 0 0 0 0 0 0 0 0 0 0 0 0 0 0 0 0 0 0 0 0 0 0 0 0 0 0 0 0 0 0 0 1 0 0 0 0 0 0]
        [0 0 0 0 0 0 0 0 0 0 0 0 0 0 0 0 0 0 0 0 0 0 0 0 0 0 0 0 0 0 0 0 0 0 0 0 0 0 0 0 0 0 0 0 0 0 0 0 0 0 0 1 0 0 0 0 0]
        [0 0 0 0 0 0 0 0 0 0 0 0 0 0 0 0 0 0 0 0 0 0 0 0 0 0 0 0 0 0 0 0 0 0 0 0 0 0 0 0 1 0 0 0 0 0 0 0 0 0 0 0 0 0 0 0 0]
        [0 0 0 0 0 0 0 0 0 0 0 0 0 0 0 0 0 0 0 0 0 0 0 0 0 0 0 0 0 0 0 0 0 0 0 0 0 0 0 0 0 1 0 0 0 0 0 0 0 0 0 0 0 0 0 0 0]
        [0 0 0 0 0 0 0 0 0 0 0 0 0 0 0 0 0 0 0 0 0 0 0 0 0 0 0 0 0 0 0 0 0 0 0 0 0 0 0 0 0 0 0 0 0 0 0 0 0 0 0 0 0 0 1 0 0]
        [0 0 0 0 0 0 0 0 0 0 0 0 0 0 0 0 0 0 0 0 0 0 0 0 0 0 0 0 0 0 0 0 0 0 0 0 0 0 0 0 0 0 1 0 0 0 0 0 0 0 0 0 0 0 0 0 0]
        [0 0 0 0 0 0 0 0 0 0 0 0 0 0 0 0 0 0 0 0 0 0 0 0 0 0 0 0 0 0 0 0 0 0 0 0 0 0 0 0 0 0 0 1 0 0 0 0 0 0 0 0 0 0 0 0 0]

        [0 0 0 0 0 0 0 0 0 0 0 0 0 -1 0 0 -1/64 0 0 0 0 1/64 0 0 0 1/64 0 0 -1/64 1/64 0 1/64 1/64 0 0 1/64 0 0 -1/2048 0 0 0 1/2048 0 1/2048 0 0 0 0 1/2048 0
            0 -1/2048 -1/2048 0 0 -1/2048]
        [0 0 0 0 0 0 0 0 0 0 0 0 1 0 0 0 0 0 0 0 0 0 0 0 0 0 0 0 0 0 0 0 0 0 0 0 0 0 0 0 0 0 0 0 0 0 0 0 0 0 0 0 0 0 0 0 0]
        [-1 1 -1 0 0 0 0 0 0 -1 -1 0 1 1 0 -1/64 1/64 -1/64 1/32 1/64 0 -1/64 0 0 0 -1/32 0 0 1/32 -1/64 0 1/64 1/64 1/32 1/32 -1/32 1/2048 -1/4096 1/1024 
            1/4096 3/4096 -1/2048 -3/4096 3/4096 -1/4096 0 0 1/4096 3/4096 -1/4096 0 -1/2048 -1/4096 -1/1024 -3/2048 -3/4096 5/4096]
        [0 0 0 0 1 0 0 0 0 0 0 0 0 0 0 0 0 0 0 0 0 0 0 0 0 0 0 0 0 0 0 0 0 0 0 0 0 0 0 0 0 0 0 0 0 0 0 0 0 0 0 0 0 0 0 0 0]
        [0 0 0 1 0 0 0 0 0 0 0 0 0 0 0 0 0 0 0 0 0 0 0 0 0 0 0 0 0 0 0 0 0 0 0 0 0 0 0 0 0 0 0 0 0 0 0 0 0 0 0 0 0 0 0 0 0]
        [0 0 0 0 1 0 0 0 -1 0 1 -1 0 0 0 0 0 0 0 0 0 0 0 0 0 0 -1/64 0 0 0 0 1/64 1/64 1/32 -1/64 0 0 -1/4096 -1/4096 0 0 1/2048 0 -1/2048 0 1/4096 0 1/4096 
            1/4096 1/4096 0 1/2048 -3/4096 -1/4096 -1/1024 1/2048 1/4096]
        [1 0 0 0 0 0 0 1 0 0 0 0 -1 0 1 0 0 0 1/64 0 0 0 0 0 0 0 0 0 0 0 -1/64 0 0 -1/64 -1/32 1/64 1/4096 0 0 0 1/4096 0 -1/4096 -1/2048 -1/2048 0 1/2048 0 0
            -1/4096 -1/4096 1/4096 -1/4096 1/4096 1/4096 1/1024 -1/2048]
        [0 0 0 0 0 0 0 0 1 0 0 0 0 0 0 0 0 0 0 0 0 0 0 0 0 0 1/32 0 0 0 0 0 -1/32 0 0 0 0 1/2048 1/2048 0 0 0 0 0 0 -1/2048 0 0 -1/2048 -1/2048 0 -1/2048 
            1/2048 0 1/2048 0 0]
        [0 0 0 0 0 0 0 1 0 0 0 0 0 0 0 0 0 0 1/32 0 0 0 0 0 0 0 0 0 0 0 -1/32 0 0 0 0 0 1/2048 0 0 0 1/2048 0 -1/2048 0 -1/2048 0 0 0 0 0 -1/2048 1/2048 0 0 
            -1/2048 1/2048 0]
        [0 0 0 0 0 0 0 0 0 0 1 0 0 0 0 0 0 0 0 0 0 0 0 0 0 0 0 0 0 0 0 0 0 0 0 0 0 0 0 0 0 0 0 0 0 0 0 0 0 0 0 0 0 0 0 0 0]
        [0 0 0 0 0 0 0 0 0 1 0 0 0 0 0 0 0 0 0 0 0 0 0 0 0 0 0 0 0 0 0 0 0 0 0 0 0 0 0 0 0 0 0 0 0 0 0 0 0 0 0 0 0 0 0 0 0]
        [0 0 0 1 0 -1 0 -1 0 1 0 0 0 0 0 0 0 0 -1/64 0 0 0 0 0 0 0 0 0 0 0 1/64 -1/64 0 1/32 1/64 0 -1/4096 0 0 -1/2048 -1/4096 1/2048 1/4096 0 1/4096 0 0 
            1/4096 0 0 1/4096 0 1/2048 -1/4096 -1/2048 -3/4096 1/4096]
        [0 1 0 0 0 0 0 0 0 0 0 0 0 0 0 0 0 0 0 0 0 0 0 0 0 0 0 0 0 0 0 0 0 0 0 0 0 0 0 0 0 0 0 0 0 0 0 0 0 0 0 0 0 0 0 0 0]
        [-1 0 0 0 0 0 0 0 0 0 0 0 0 0 0 1/64 0 0 1/64 0 0 0 1/64 0 1/64 0 0 -1/64 -1/64 0 0 0 0 0 1/64 1/64 1/2048 0 0 0 0 0 0 0 0 0 0 1/2048 -1/2048 0 1/2048
            0 0 -1/2048 0 -1/2048 -1/2048]
        [0 1 0 0 0 0 1 0 -1 0 0 0 0 1 0 0 1/64 0 0 0 0 -1/64 0 0 0 -1/64 -1/64 0 1/64 -1/64 0 1/64 0 1/64 0 -1/32 0 -1/4096 1/4096 1/2048 0 0 -1/2048 0 
            -1/4096 1/4096 -1/2048 0 1/4096 0 0 1/4096 -1/2048 1/4096 -3/4096 1/4096 1/1024]
        [0 0 0 0 0 0 0 0 0 0 0 0 0 0 0 0 0 0 0 0 0 0 0 0 0 1 0 0 0 0 0 0 0 0 0 0 0 0 0 0 0 0 0 0 0 0 0 0 0 0 0 0 0 0 0 0 0]
        [0 0 0 0 0 0 0 0 0 0 0 0 0 0 0 0 0 0 0 0 0 0 0 0 0 0 0 1 0 0 0 0 0 0 0 0 0 1/32 0 0 0 0 0 0 0 0 0 0 0 0 -1/32 0 0 0 0 0 0]
        [0 0 0 0 0 0 0 0 0 0 0 0 0 0 0 0 0 1 0 0 0 0 0 0 0 0 0 0 0 0 0 0 0 0 0 0 0 0 0 1/32 0 0 0 -1/32 0 0 0 0 0 0 0 0 0 0 0 0 0]
        [0 0 0 0 0 0 0 0 0 0 0 0 0 0 0 0 0 0 0 0 0 0 0 0 0 0 0 0 0 0 0 0 1 0 0 0 0 0 0 0 0 0 0 0 0 0 0 0 0 0 0 0 0 0 0 0 0]
        [0 0 0 0 0 0 0 0 0 0 0 0 0 0 0 0 0 0 0 1 0 0 0 0 0 0 0 0 0 0 0 0 0 0 0 0 1/32 0 0 0 0 0 0 0 0 -1/32 0 0 0 0 0 0 0 0 0 0 0]
        [0 0 0 0 0 0 0 0 0 0 0 0 0 0 0 0 0 0 0 0 0 0 0 1 0 0 0 0 0 0 0 0 0 0 0 0 1/32 0 0 0 0 0 0 0 0 0 0 0 -1/32 0 0 0 0 0 0 0 0]
        [0 0 0 0 0 0 0 0 0 0 0 0 0 0 0 0 0 0 0 0 0 0 1 0 0 0 0 0 0 0 0 0 0 0 0 0 1/32 0 0 0 0 0 0 0 0 0 0 0 0 0 0 0 -1/32 0 0 0 0]
        [0 0 0 0 0 0 0 0 0 0 0 0 0 0 0 0 0 0 0 0 0 1 0 0 0 0 0 0 0 0 0 0 0 0 0 0 0 0 0 0 0 0 0 0 1/32 -1/32 0 0 0 0 0 0 0 0 0 0 0]
        [0 0 0 0 0 0 0 0 0 0 0 0 0 0 0 0 0 0 0 0 1 0 0 0 0 0 0 0 0 0 0 0 0 0 0 0 0 0 0 0 1/32 0 0 0 0 -1/32 0 0 0 0 0 0 0 0 0 0 0]
        [0 0 0 0 0 0 0 0 0 0 0 0 0 0 0 0 0 0 0 0 0 0 0 0 0 0 0 0 0 1 0 0 0 0 0 0 0 0 0 0 1/32 0 0 0 0 0 0 0 0 1/32 -1/32 0 0 0 0 0 -1/32]
        [0 0 0 0 0 0 0 0 0 0 0 0 0 0 0 1 0 0 0 0 0 0 0 0 0 0 0 0 0 0 0 0 0 0 0 0 0 0 0 0 0 0 0 0 0 0 0 0 0 0 0 0 0 0 0 0 0]
        [0 0 0 0 0 0 0 0 0 0 0 0 0 0 0 0 0 0 0 0 0 0 0 0 0 0 0 0 0 0 1 0 0 0 0 0 0 0 0 0 0 0 0 0 0 0 0 0 0 0 0 0 0 0 0 0 0]
        [0 0 0 0 0 0 0 0 0 0 0 0 0 0 0 0 1 0 0 0 0 0 0 0 0 0 0 0 0 0 0 0 0 0 0 0 0 0 1/32 0 0 0 -1/32 0 0 0 0 0 0 0 0 0 0 0 0 0 0]
        [0 0 0 0 0 0 0 0 0 0 0 0 0 0 0 0 0 0 0 0 0 0 0 0 0 0 0 0 1 0 0 0 0 0 0 0 0 0 1/32 0 0 0 0 0 0 0 0 0 0 0 -1/32 0 0 0 0 0 0]
        [0 0 0 0 0 0 0 0 0 0 0 0 0 0 0 0 0 0 0 0 0 0 0 0 1 0 0 0 0 0 0 0 0 0 0 0 0 0 1/32 0 0 0 0 0 0 0 0 1/32 -1/32 0 0 0 0 0 0 -1/32 0]
        [0 0 0 0 0 0 0 0 0 0 0 0 0 0 0 0 0 0 0 0 0 0 0 0 0 0 1 0 0 0 0 0 0 0 0 0 0 0 0 0 0 0 0 0 0 0 0 0 0 0 0 0 0 0 0 0 0]
        [0 0 0 0 0 0 0 0 0 0 0 0 0 0 0 0 0 0 0 0 0 0 0 0 0 0 0 0 0 0 0 0 0 0 1 0 0 0 0 0 0 0 0 0 1/32 0 0 0 0 0 0 0 0 0 0 -1/32 0]
        [0 0 0 0 0 0 0 0 0 0 0 0 0 0 0 0 0 0 1 0 0 0 0 0 0 0 0 0 0 0 0 0 0 0 0 0 0 0 0 0 0 0 0 0 0 0 0 0 0 0 0 0 0 0 0 0 0]
        [0 0 0 0 0 0 0 0 0 0 0 0 0 0 0 0 0 0 0 0 0 0 0 0 0 0 0 0 0 0 0 0 0 1 0 0 0 0 0 0 0 0 0 0 0 0 0 0 0 0 0 0 0 0 0 0 0]
        [0 0 0 0 0 0 0 0 0 0 0 0 0 0 0 0 0 0 0 0 0 0 0 0 0 0 0 0 0 0 0 1 0 0 0 0 0 0 0 0 0 0 0 0 0 0 0 0 0 1/32 0 0 -1/32 0 0 0 0]
        [0 0 0 0 0 0 0 0 0 0 0 0 0 0 0 0 0 0 0 0 0 0 0 0 0 0 0 0 0 0 0 0 0 0 0 1 0 0 0 0 0 0 0 0 0 0 0 1/32 0 0 0 0 0 0 0 0 -1/32]
        [0 0 0 0 0 0 0 0 0 0 0 0 0 0 0 0 0 0 0 0 0 0 0 0 0 0 0 0 0 0 0 0 0 0 0 0 0 0 0 0 0 0 0 0 0 1 0 0 0 0 0 0 0 0 0 0 0]
        [0 0 0 0 0 0 0 0 0 0 0 0 0 0 0 0 0 0 0 0 0 0 0 0 0 0 0 0 0 0 0 0 0 0 0 0 0 0 0 0 0 0 1 0 0 0 0 0 0 0 0 0 0 0 0 0 0]
        [0 0 0 0 0 0 0 0 0 0 0 0 0 0 0 0 0 0 0 0 0 0 0 0 0 0 0 0 0 0 0 0 0 0 0 0 0 0 0 0 0 0 0 0 0 0 0 0 0 0 1 0 0 0 0 0 0]
        [0 0 0 0 0 0 0 0 0 0 0 0 0 0 0 0 0 0 0 0 0 0 0 0 0 0 0 0 0 0 0 0 0 0 0 0 0 0 0 0 0 0 0 1 0 0 0 0 0 0 0 0 0 0 0 0 0]
        [0 0 0 0 0 0 0 0 0 0 0 0 0 0 0 0 0 0 0 0 0 0 0 0 0 0 0 0 0 0 0 0 0 0 0 0 0 0 0 0 0 0 0 0 0 0 0 0 1 0 0 0 0 0 0 0 0]
        [0 0 0 0 0 0 0 0 0 0 0 0 0 0 0 0 0 0 0 0 0 0 0 0 0 0 0 0 0 0 0 0 0 0 0 0 0 0 0 0 0 1 0 0 0 0 0 0 0 0 0 0 0 0 0 0 0]
        [0 0 0 0 0 0 0 0 0 0 0 0 0 0 0 0 0 0 0 0 0 0 0 0 0 0 0 0 0 0 0 0 0 0 0 0 0 1 0 0 0 0 0 0 0 0 0 0 0 0 0 0 0 0 0 0 0]
        [0 0 0 0 0 0 0 0 0 0 0 0 0 0 0 0 0 0 0 0 0 0 0 0 0 0 0 0 0 0 0 0 0 0 0 0 0 0 0 1 0 0 0 0 0 0 0 0 0 0 0 0 0 0 0 0 0]
        [0 0 0 0 0 0 0 0 0 0 0 0 0 0 0 0 0 0 0 0 0 0 0 0 0 0 0 0 0 0 0 0 0 0 0 0 0 0 0 0 0 0 0 0 0 0 0 0 0 0 0 0 1 0 0 0 0]
        [0 0 0 0 0 0 0 0 0 0 0 0 0 0 0 0 0 0 0 0 0 0 0 0 0 0 0 0 0 0 0 0 0 0 0 0 1 0 0 0 0 0 0 0 0 0 0 0 0 0 0 0 0 0 0 0 0]
        [0 0 0 0 0 0 0 0 0 0 0 0 0 0 0 0 0 0 0 0 0 0 0 0 0 0 0 0 0 0 0 0 0 0 0 0 0 0 0 0 0 0 0 0 0 0 1 0 0 0 0 0 0 0 0 0 0]
        [0 0 0 0 0 0 0 0 0 0 0 0 0 0 0 0 0 0 0 0 0 0 0 0 0 0 0 0 0 0 0 0 0 0 0 0 0 0 0 0 0 0 0 0 0 0 0 0 0 0 0 0 0 0 0 0 1]
        [0 0 0 0 0 0 0 0 0 0 0 0 0 0 0 0 0 0 0 0 0 0 0 0 0 0 0 0 0 0 0 0 0 0 0 0 0 0 0 0 1 0 0 0 0 0 0 0 0 0 0 0 0 0 0 0 0]
        [0 0 0 0 0 0 0 0 0 0 0 0 0 0 0 0 0 0 0 0 0 0 0 0 0 0 0 0 0 0 0 0 0 0 0 0 0 0 0 0 0 0 0 0 0 0 0 0 0 0 0 0 0 0 0 1 0]
        [0 0 0 0 0 0 0 0 0 0 0 0 0 0 0 0 0 0 0 0 0 0 0 0 0 0 0 0 0 0 0 0 0 0 0 0 0 0 1 0 0 0 0 0 0 0 0 0 0 0 0 0 0 0 0 0 0]
        [0 0 0 0 0 0 0 0 0 0 0 0 0 0 0 0 0 0 0 0 0 0 0 0 0 0 0 0 0 0 0 0 0 0 0 0 0 0 0 0 0 0 0 0 0 0 0 0 0 0 0 1 0 0 0 0 0]
        [0 0 0 0 0 0 0 0 0 0 0 0 0 0 0 0 0 0 0 0 0 0 0 0 0 0 0 0 0 0 0 0 0 0 0 0 0 0 0 0 0 0 0 0 1 0 0 0 0 0 0 0 0 0 0 0 0]
        [0 0 0 0 0 0 0 0 0 0 0 0 0 0 0 0 0 0 0 0 0 0 0 0 0 0 0 0 0 0 0 0 0 0 0 0 0 0 0 0 0 0 0 0 0 0 0 0 0 0 0 0 0 1 0 0 0]
        [0 0 0 0 0 0 0 0 0 0 0 0 0 0 0 0 0 0 0 0 0 0 0 0 0 0 0 0 0 0 0 0 0 0 0 0 0 0 0 0 0 0 0 0 0 0 0 0 0 0 0 0 0 0 1 0 0]
        [0 0 0 0 0 0 0 0 0 0 0 0 0 0 0 0 0 0 0 0 0 0 0 0 0 0 0 0 0 0 0 0 0 0 0 0 0 0 0 0 0 0 0 0 0 0 0 0 0 1 0 0 0 0 0 0 0]
        [0 0 0 0 0 0 0 0 0 0 0 0 0 0 0 0 0 0 0 0 0 0 0 0 0 0 0 0 0 0 0 0 0 0 0 0 0 0 0 0 0 0 0 0 0 0 0 1 0 0 0 0 0 0 0 0 0],

    MatrixGroup(57, Rational Field) of order 2^2
    Generators:
        [0 0 0 0 -1 0 0 0 0 0 0 0 0 0 -1 0 0 1/64 0 -1/64 0 0 0 0 0 1/64 0 0 0 0 0 0 0 1/64 3/64 1/64 -1/4096 0 0 0 0 1/2048 1/4096 3/4096 3/4096 1/4096 
            -1/2048 0 -1/4096 0 0 3/4096 0 -3/2048 -1/2048 -3/4096 -1/4096]
        [0 -1 1 0 0 0 0 0 0 1 0 0 -1 -1 0 1/64 0 1/32 0 -1/64 1/64 1/64 0 -1/64 0 1/32 0 -1/64 -1/32 1/64 0 -1/64 -1/64 -1/64 1/64 3/64 -1/4096 0 -1/2048 
            1/4096 1/4096 3/4096 1/4096 -3/4096 0 -1/2048 -1/4096 1/4096 -1/2048 3/4096 1/4096 1/2048 3/4096 -1/2048 1/1024 -1/2048 -7/4096]
        [0 0 0 0 0 0 1 0 -1 0 0 0 0 1 0 0 1/64 0 0 1/64 0 0 -1/64 0 -1/64 -1/64 1/64 0 1/64 0 0 0 0 1/64 0 -1/32 0 1/4096 1/2048 1/4096 0 0 -1/2048 0 -1/4096 
            0 -1/4096 -1/4096 3/4096 -1/4096 -1/2048 -1/2048 0 1/2048 -3/4096 1/2048 1/2048]
        [0 0 0 0 0 0 0 0 0 0 1 0 0 0 0 1/32 0 0 0 0 0 0 0 0 0 0 0 0 0 0 0 0 0 0 -1/32 0 0 1/2048 0 0 -1/2048 1/2048 0 -1/2048 -1/2048 0 0 -1/2048 0 0 0 0 0 
            1/2048 0 1/2048 0]
        [0 0 0 0 0 0 0 0 0 1 0 0 0 0 0 0 0 0 0 0 0 0 0 0 0 1/32 0 0 0 0 0 -1/32 0 0 0 0 0 0 0 -1/2048 0 1/2048 1/2048 0 0 0 0 0 -1/2048 -1/2048 0 0 1/2048 
            1/2048 0 0 -1/2048]
        [0 0 0 0 0 0 0 0 0 0 1 -1 0 0 0 1/64 0 0 -1/64 0 0 0 0 0 0 0 1/64 0 0 0 1/64 0 -1/64 1/32 -1/64 0 0 3/4096 0 0 -1/2048 3/4096 0 -1/4096 0 0 0 -1/4096 
            -1/4096 -1/2048 0 0 1/4096 -1/4096 -1/4096 1/4096 0]
        [-1 0 -1 0 1 -1 -1 -1 0 0 0 -1 1 0 0 0 -1/64 1/64 -1/64 0 -1/64 0 0 1/64 0 0 0 1/64 0 0 1/64 1/32 1/32 3/64 1/64 1/64 -1/4096 1/2048 -1/4096 0 -1/2048
            3/4096 1/2048 0 3/4096 3/4096 -1/4096 3/4096 0 -1/4096 1/4096 0 -3/4096 -7/4096 -1/1024 -1/4096 -1/4096]
        [0 0 0 0 0 1 0 0 0 0 0 1 0 0 0 1/64 0 0 0 0 0 0 0 0 0 1/64 0 0 0 0 -1/64 -1/64 1/64 -1/32 -1/64 0 0 1/4096 0 0 -1/4096 1/4096 0 0 0 1/4096 0 -1/2048 0
            0 -1/4096 -1/4096 -1/4096 1/1024 1/4096 1/4096 -1/2048]
        [0 0 0 1 1 -1 0 -1 -1 1 1 -1 0 0 0 1/64 0 0 -1/32 0 0 0 0 0 0 1/64 0 0 0 0 1/64 -1/64 1/64 1/32 -1/64 0 -1/2048 1/4096 0 -1/2048 -3/4096 5/4096 1/2048
            -1/2048 0 1/4096 0 0 0 -1/2048 1/4096 -1/4096 1/4096 1/2048 -3/4096 1/4096 0]
        [0 0 0 1 0 0 0 0 0 0 0 0 0 0 0 1/32 0 0 0 0 0 0 0 0 0 0 0 0 0 0 0 -1/32 0 0 0 0 0 1/2048 0 -1/2048 -1/2048 1/2048 0 0 0 0 0 -1/2048 0 -1/2048 0 0 
            1/2048 1/2048 0 0 0]
        [0 0 0 0 1 0 0 0 0 0 0 0 0 0 0 0 0 0 0 0 0 0 0 0 0 1/32 0 0 0 0 0 0 0 0 -1/32 0 0 0 0 0 0 1/2048 1/2048 -1/2048 -1/2048 0 0 0 -1/2048 0 0 0 0 1/2048 0
            1/2048 -1/2048]
        [0 0 0 0 0 0 0 0 1 0 -1 1 0 0 0 0 0 0 1/64 0 0 0 0 0 0 1/64 0 0 0 0 -1/64 -1/64 0 0 0 0 0 0 1/4096 0 0 1/4096 0 1/4096 -1/4096 -1/4096 0 -1/4096 0 0 0
            1/4096 1/4096 0 0 0 -1/2048]
        [0 0 -1 0 0 0 0 0 0 -1 0 0 0 1 0 0 0 1/64 0 0 -1/64 -1/64 0 1/64 0 -1/64 0 1/64 1/64 -1/64 0 1/32 1/64 1/64 0 0 0 0 1/4096 1/2048 -1/4096 1/4096 
            -1/4096 0 0 3/4096 -1/4096 0 1/2048 -1/4096 0 0 -5/4096 -1/1024 -1/2048 1/2048 1/2048]
        [0 1 0 1 0 0 1 0 -1 0 0 0 0 1 0 0 1/32 0 0 0 1/64 -1/64 -1/64 0 0 -1/64 0 0 1/64 -1/64 0 -1/64 0 0 0 -3/64 -1/4096 0 3/4096 3/4096 1/4096 0 -1/1024 0 
            -3/4096 0 -1/2048 -1/4096 1/4096 -3/4096 0 -1/2048 1/4096 5/4096 -1/4096 -1/4096 3/2048]
        [0 0 0 0 0 0 0 0 0 -1 0 0 0 1 0 0 1/64 1/64 0 0 0 -1/64 0 0 0 0 0 0 0 -1/64 0 1/32 -1/64 1/64 0 0 0 0 1/4096 5/4096 0 1/2048 -1/4096 -1/2048 -1/2048 0
            -1/2048 0 -1/4096 1/4096 1/4096 0 -1/4096 -1/1024 1/4096 0 1/4096]
        [0 0 0 0 0 0 0 0 0 0 0 0 0 0 0 0 0 0 0 0 0 0 0 0 0 0 0 0 0 0 0 0 0 0 1 0 0 0 0 0 0 0 0 1/32 0 0 0 0 0 0 0 0 0 -1/32 0 0 0]
        [0 0 0 0 0 0 0 0 0 0 0 0 0 0 0 0 0 0 0 0 0 0 1 0 0 0 0 0 0 0 0 0 0 0 0 0 0 0 0 0 0 0 1/32 0 0 0 0 -1/32 0 0 0 0 0 0 0 0 0]
        [0 0 0 0 0 0 0 0 0 0 0 0 0 0 0 0 0 0 0 0 0 0 0 0 0 0 0 0 0 0 0 0 0 0 0 1 0 0 0 0 0 0 0 0 0 0 1/32 0 0 0 0 0 0 -1/32 0 0 0]
        [0 0 0 0 0 0 0 0 0 0 0 0 0 0 0 0 0 0 0 0 0 0 0 0 0 0 0 0 0 0 1 0 0 0 0 0 0 0 0 0 0 0 1/32 0 0 0 0 0 0 0 0 0 0 0 0 -1/32 0]
        [0 0 0 0 0 0 0 0 0 0 0 0 0 0 0 0 0 0 0 0 0 0 0 0 0 0 0 0 1 0 0 0 0 0 0 0 0 0 1/32 0 0 0 0 0 0 0 0 0 0 0 -1/32 0 0 0 0 0 0]
        [0 0 0 0 0 0 0 0 0 0 0 0 0 0 0 0 0 0 0 0 0 0 0 0 1 0 0 0 0 0 0 0 0 0 0 0 0 0 1/32 0 0 0 0 0 0 0 0 0 0 0 0 0 0 0 0 -1/32 0]
        [0 0 0 0 0 0 0 0 0 0 0 0 0 0 0 0 1 0 0 0 0 0 0 0 0 0 0 0 0 0 0 0 0 0 0 0 0 0 1/32 1/32 0 0 -1/32 0 -1/32 0 0 0 0 0 0 0 0 0 0 0 0]
        [0 0 0 0 0 0 0 0 0 0 0 0 0 0 0 0 0 0 0 0 0 0 0 0 0 0 0 1 0 0 0 0 0 0 0 0 0 1/32 0 0 0 0 0 1/32 0 0 0 0 0 0 -1/32 0 -1/32 0 0 0 0]
        [0 0 0 0 0 0 0 0 0 0 0 0 0 0 0 0 0 0 0 0 0 0 0 0 0 0 0 0 0 1 0 0 0 0 0 0 0 0 0 0 1/32 0 0 0 0 0 0 0 0 1/32 -1/32 0 0 0 0 0 -1/32]
        [0 0 0 0 0 0 0 0 0 0 0 0 0 0 0 0 0 0 0 0 0 0 0 1 0 0 0 0 0 0 0 0 0 0 0 0 0 0 0 0 0 0 0 0 0 0 0 0 0 0 0 0 0 0 0 0 0]
        [0 0 0 0 0 0 0 0 0 0 0 0 0 0 0 0 0 0 0 0 0 0 0 0 0 0 0 0 0 0 0 1 0 0 0 0 0 0 0 1/32 0 0 0 0 0 0 0 0 0 1/32 0 0 -1/32 -1/32 0 0 0]
        [0 0 0 0 0 0 0 0 0 0 0 0 0 0 0 0 0 0 1 0 0 0 0 0 0 0 0 0 0 0 0 0 0 0 0 0 0 0 0 0 1/32 0 0 0 -1/32 0 0 0 0 0 0 0 0 0 0 0 0]
        [0 0 0 0 0 0 0 0 0 0 0 0 0 0 0 0 0 0 0 0 0 1 0 0 0 0 0 0 0 0 0 0 0 0 0 0 0 1/32 0 0 0 0 0 0 0 0 0 0 0 0 0 0 0 0 0 0 -1/32]
        [0 0 0 0 0 0 0 0 0 0 0 0 0 0 0 0 0 0 0 1 0 0 0 0 0 0 0 0 0 0 0 0 0 0 0 0 0 0 0 0 0 0 0 0 0 0 0 0 0 0 0 0 0 0 0 0 0]
        [0 0 0 0 0 0 0 0 0 0 0 0 0 0 0 0 0 0 0 0 1 0 0 0 0 0 0 0 0 0 0 0 0 0 0 0 0 0 0 1/32 0 0 0 0 0 0 0 0 0 0 0 0 0 0 0 -1/32 0]
        [0 0 0 0 0 0 0 0 0 0 0 0 0 0 0 0 0 0 0 0 0 0 0 0 0 0 0 0 0 0 0 0 1 0 0 0 0 0 0 0 0 0 0 0 0 0 0 0 1/32 0 0 0 -1/32 0 0 0 0]
        [0 0 0 0 0 0 0 0 0 0 0 0 0 0 0 1 0 0 0 0 0 0 0 0 0 0 0 0 0 0 0 0 0 0 0 0 0 1/32 0 0 -1/32 1/32 0 0 0 0 0 -1/32 0 0 0 0 0 0 0 0 0]
        [0 0 0 0 0 0 0 0 0 0 0 0 0 0 0 0 0 0 0 0 0 0 0 0 0 0 1 0 0 0 0 0 0 0 0 0 0 1/32 0 0 0 0 0 0 0 0 0 0 0 -1/32 0 0 0 0 0 0 0]
        [0 0 0 0 0 0 0 0 0 0 0 0 0 0 0 0 0 0 0 0 0 0 0 0 0 0 0 0 0 0 0 0 0 1 0 0 0 0 0 0 0 1/32 0 0 0 0 0 0 0 0 0 1/32 0 -1/32 -1/32 0 0]
        [0 0 0 0 0 0 0 0 0 0 0 0 0 0 0 0 0 0 0 0 0 0 0 0 0 1 0 0 0 0 0 0 0 0 0 0 0 0 0 0 0 1/32 0 0 0 0 0 0 0 0 0 0 0 0 0 0 -1/32]
        [0 0 0 0 0 0 0 0 0 0 0 0 0 0 0 0 0 1 0 0 0 0 0 0 0 0 0 0 0 0 0 0 0 0 0 0 0 0 0 1/32 0 1/32 0 -1/32 0 0 -1/32 0 0 0 0 0 0 0 0 0 0]
        [0 0 0 0 0 0 0 0 0 0 0 0 0 0 0 0 0 0 0 0 0 0 0 0 0 0 0 0 0 0 0 0 0 0 0 0 0 0 0 0 0 0 0 0 0 0 0 0 0 0 1 0 0 0 0 0 0]
        [0 0 0 0 0 0 0 0 0 0 0 0 0 0 0 0 0 0 0 0 0 0 0 0 0 0 0 0 0 0 0 0 0 0 0 0 0 0 0 0 0 0 0 0 1 0 0 0 0 0 0 0 0 0 0 0 0]
        [0 0 0 0 0 0 0 0 0 0 0 0 0 0 0 0 0 0 0 0 0 0 0 0 0 0 0 0 0 0 0 0 0 0 0 0 1 0 0 0 0 0 0 0 0 0 0 0 0 0 0 0 0 0 0 0 0]
        [0 0 0 0 0 0 0 0 0 0 0 0 0 0 0 0 0 0 0 0 0 0 0 0 0 0 0 0 0 0 0 0 0 0 0 0 0 0 0 0 0 0 0 0 0 0 0 1 0 0 0 0 0 0 0 0 0]
        [0 0 0 0 0 0 0 0 0 0 0 0 0 0 0 0 0 0 0 0 0 0 0 0 0 0 0 0 0 0 0 0 0 0 0 0 0 0 0 0 0 0 0 0 0 0 0 0 0 0 0 0 0 0 0 1 0]
        [0 0 0 0 0 0 0 0 0 0 0 0 0 0 0 0 0 0 0 0 0 0 0 0 0 0 0 0 0 0 0 0 0 0 0 0 0 0 0 0 0 0 0 0 0 0 0 0 0 0 0 0 0 1 0 0 0]
        [0 0 0 0 0 0 0 0 0 0 0 0 0 0 0 0 0 0 0 0 0 0 0 0 0 0 0 0 0 0 0 0 0 0 0 0 0 0 0 0 0 0 0 0 0 0 0 0 0 0 0 0 1 0 0 0 0]
        [0 0 0 0 0 0 0 0 0 0 0 0 0 0 0 0 0 0 0 0 0 0 0 0 0 0 0 0 0 0 0 0 0 0 0 0 0 0 0 0 0 0 0 0 0 0 0 0 0 0 0 0 0 0 0 0 1]
        [0 0 0 0 0 0 0 0 0 0 0 0 0 0 0 0 0 0 0 0 0 0 0 0 0 0 0 0 0 0 0 0 0 0 0 0 0 0 0 0 0 0 1 0 0 0 0 0 0 0 0 0 0 0 0 0 0]
        [0 0 0 0 0 0 0 0 0 0 0 0 0 0 0 0 0 0 0 0 0 0 0 0 0 0 0 0 0 0 0 0 0 0 0 0 0 0 1 0 0 0 0 0 0 0 0 0 0 0 0 0 0 0 0 0 0]
        [0 0 0 0 0 0 0 0 0 0 0 0 0 0 0 0 0 0 0 0 0 0 0 0 0 0 0 0 0 0 0 0 0 0 0 0 0 0 0 0 0 0 0 0 0 0 1 0 0 0 0 0 0 0 0 0 0]
        [0 0 0 0 0 0 0 0 0 0 0 0 0 0 0 0 0 0 0 0 0 0 0 0 0 0 0 0 0 0 0 0 0 0 0 0 0 0 0 0 0 0 0 1 0 0 0 0 0 0 0 0 0 0 0 0 0]
        [0 0 0 0 0 0 0 0 0 0 0 0 0 0 0 0 0 0 0 0 0 0 0 0 0 0 0 0 0 0 0 0 0 0 0 0 0 0 0 0 0 0 0 0 0 0 0 0 0 1 0 0 0 0 0 0 0]
        [0 0 0 0 0 0 0 0 0 0 0 0 0 0 0 0 0 0 0 0 0 0 0 0 0 0 0 0 0 0 0 0 0 0 0 0 0 0 0 0 1 0 0 0 0 0 0 0 0 0 0 0 0 0 0 0 0]
        [0 0 0 0 0 0 0 0 0 0 0 0 0 0 0 0 0 0 0 0 0 0 0 0 0 0 0 0 0 0 0 0 0 0 0 0 0 0 0 0 0 0 0 0 0 1 0 0 0 0 0 0 0 0 0 0 0]
        [0 0 0 0 0 0 0 0 0 0 0 0 0 0 0 0 0 0 0 0 0 0 0 0 0 0 0 0 0 0 0 0 0 0 0 0 0 0 0 0 0 0 0 0 0 0 0 0 0 0 0 0 0 0 1 0 0]
        [0 0 0 0 0 0 0 0 0 0 0 0 0 0 0 0 0 0 0 0 0 0 0 0 0 0 0 0 0 0 0 0 0 0 0 0 0 1 0 0 0 0 0 0 0 0 0 0 0 0 0 0 0 0 0 0 0]
        [0 0 0 0 0 0 0 0 0 0 0 0 0 0 0 0 0 0 0 0 0 0 0 0 0 0 0 0 0 0 0 0 0 0 0 0 0 0 0 0 0 1 0 0 0 0 0 0 0 0 0 0 0 0 0 0 0]
        [0 0 0 0 0 0 0 0 0 0 0 0 0 0 0 0 0 0 0 0 0 0 0 0 0 0 0 0 0 0 0 0 0 0 0 0 0 0 0 0 0 0 0 0 0 0 0 0 0 0 0 1 0 0 0 0 0]
        [0 0 0 0 0 0 0 0 0 0 0 0 0 0 0 0 0 0 0 0 0 0 0 0 0 0 0 0 0 0 0 0 0 0 0 0 0 0 0 0 0 0 0 0 0 0 0 0 1 0 0 0 0 0 0 0 0]
        [0 0 0 0 0 0 0 0 0 0 0 0 0 0 0 0 0 0 0 0 0 0 0 0 0 0 0 0 0 0 0 0 0 0 0 0 0 0 0 1 0 0 0 0 0 0 0 0 0 0 0 0 0 0 0 0 0]

        [0 0 0 0 0 0 0 0 0 0 0 0 0 -1 0 0 -1/64 0 0 0 0 1/64 0 0 0 1/64 0 0 -1/64 1/64 0 1/64 1/64 0 0 1/64 0 0 -1/2048 0 0 0 1/2048 0 1/2048 0 0 0 0 1/2048 0
            0 -1/2048 -1/2048 0 0 -1/2048]
        [0 0 0 0 0 0 0 0 0 0 0 0 1 0 0 0 0 0 0 0 0 0 0 0 0 0 0 0 0 0 0 0 0 0 0 0 0 0 0 0 0 0 0 0 0 0 0 0 0 0 0 0 0 0 0 0 0]
        [-1 1 -1 0 0 0 0 0 0 -1 -1 0 1 1 0 -1/64 1/64 -1/64 1/32 1/64 0 -1/64 0 0 0 -1/32 0 0 1/32 -1/64 0 1/64 1/64 1/32 1/32 -1/32 1/2048 -1/4096 1/1024 
            1/4096 3/4096 -1/2048 -3/4096 3/4096 -1/4096 0 0 1/4096 3/4096 -1/4096 0 -1/2048 -1/4096 -1/1024 -3/2048 -3/4096 5/4096]
        [0 0 0 0 1 0 0 0 0 0 0 0 0 0 0 0 0 0 0 0 0 0 0 0 0 0 0 0 0 0 0 0 0 0 0 0 0 0 0 0 0 0 0 0 0 0 0 0 0 0 0 0 0 0 0 0 0]
        [0 0 0 1 0 0 0 0 0 0 0 0 0 0 0 0 0 0 0 0 0 0 0 0 0 0 0 0 0 0 0 0 0 0 0 0 0 0 0 0 0 0 0 0 0 0 0 0 0 0 0 0 0 0 0 0 0]
        [0 0 0 0 1 0 0 0 -1 0 1 -1 0 0 0 0 0 0 0 0 0 0 0 0 0 0 -1/64 0 0 0 0 1/64 1/64 1/32 -1/64 0 0 -1/4096 -1/4096 0 0 1/2048 0 -1/2048 0 1/4096 0 1/4096 
            1/4096 1/4096 0 1/2048 -3/4096 -1/4096 -1/1024 1/2048 1/4096]
        [1 0 0 0 0 0 0 1 0 0 0 0 -1 0 1 0 0 0 1/64 0 0 0 0 0 0 0 0 0 0 0 -1/64 0 0 -1/64 -1/32 1/64 1/4096 0 0 0 1/4096 0 -1/4096 -1/2048 -1/2048 0 1/2048 0 0
            -1/4096 -1/4096 1/4096 -1/4096 1/4096 1/4096 1/1024 -1/2048]
        [0 0 0 0 0 0 0 0 1 0 0 0 0 0 0 0 0 0 0 0 0 0 0 0 0 0 1/32 0 0 0 0 0 -1/32 0 0 0 0 1/2048 1/2048 0 0 0 0 0 0 -1/2048 0 0 -1/2048 -1/2048 0 -1/2048 
            1/2048 0 1/2048 0 0]
        [0 0 0 0 0 0 0 1 0 0 0 0 0 0 0 0 0 0 1/32 0 0 0 0 0 0 0 0 0 0 0 -1/32 0 0 0 0 0 1/2048 0 0 0 1/2048 0 -1/2048 0 -1/2048 0 0 0 0 0 -1/2048 1/2048 0 0 
            -1/2048 1/2048 0]
        [0 0 0 0 0 0 0 0 0 0 1 0 0 0 0 0 0 0 0 0 0 0 0 0 0 0 0 0 0 0 0 0 0 0 0 0 0 0 0 0 0 0 0 0 0 0 0 0 0 0 0 0 0 0 0 0 0]
        [0 0 0 0 0 0 0 0 0 1 0 0 0 0 0 0 0 0 0 0 0 0 0 0 0 0 0 0 0 0 0 0 0 0 0 0 0 0 0 0 0 0 0 0 0 0 0 0 0 0 0 0 0 0 0 0 0]
        [0 0 0 1 0 -1 0 -1 0 1 0 0 0 0 0 0 0 0 -1/64 0 0 0 0 0 0 0 0 0 0 0 1/64 -1/64 0 1/32 1/64 0 -1/4096 0 0 -1/2048 -1/4096 1/2048 1/4096 0 1/4096 0 0 
            1/4096 0 0 1/4096 0 1/2048 -1/4096 -1/2048 -3/4096 1/4096]
        [0 1 0 0 0 0 0 0 0 0 0 0 0 0 0 0 0 0 0 0 0 0 0 0 0 0 0 0 0 0 0 0 0 0 0 0 0 0 0 0 0 0 0 0 0 0 0 0 0 0 0 0 0 0 0 0 0]
        [-1 0 0 0 0 0 0 0 0 0 0 0 0 0 0 1/64 0 0 1/64 0 0 0 1/64 0 1/64 0 0 -1/64 -1/64 0 0 0 0 0 1/64 1/64 1/2048 0 0 0 0 0 0 0 0 0 0 1/2048 -1/2048 0 1/2048
            0 0 -1/2048 0 -1/2048 -1/2048]
        [0 1 0 0 0 0 1 0 -1 0 0 0 0 1 0 0 1/64 0 0 0 0 -1/64 0 0 0 -1/64 -1/64 0 1/64 -1/64 0 1/64 0 1/64 0 -1/32 0 -1/4096 1/4096 1/2048 0 0 -1/2048 0 
            -1/4096 1/4096 -1/2048 0 1/4096 0 0 1/4096 -1/2048 1/4096 -3/4096 1/4096 1/1024]
        [0 0 0 0 0 0 0 0 0 0 0 0 0 0 0 0 0 0 0 0 0 0 0 0 0 1 0 0 0 0 0 0 0 0 0 0 0 0 0 0 0 0 0 0 0 0 0 0 0 0 0 0 0 0 0 0 0]
        [0 0 0 0 0 0 0 0 0 0 0 0 0 0 0 0 0 0 0 0 0 0 0 0 0 0 0 1 0 0 0 0 0 0 0 0 0 1/32 0 0 0 0 0 0 0 0 0 0 0 0 -1/32 0 0 0 0 0 0]
        [0 0 0 0 0 0 0 0 0 0 0 0 0 0 0 0 0 1 0 0 0 0 0 0 0 0 0 0 0 0 0 0 0 0 0 0 0 0 0 1/32 0 0 0 -1/32 0 0 0 0 0 0 0 0 0 0 0 0 0]
        [0 0 0 0 0 0 0 0 0 0 0 0 0 0 0 0 0 0 0 0 0 0 0 0 0 0 0 0 0 0 0 0 1 0 0 0 0 0 0 0 0 0 0 0 0 0 0 0 0 0 0 0 0 0 0 0 0]
        [0 0 0 0 0 0 0 0 0 0 0 0 0 0 0 0 0 0 0 1 0 0 0 0 0 0 0 0 0 0 0 0 0 0 0 0 1/32 0 0 0 0 0 0 0 0 -1/32 0 0 0 0 0 0 0 0 0 0 0]
        [0 0 0 0 0 0 0 0 0 0 0 0 0 0 0 0 0 0 0 0 0 0 0 1 0 0 0 0 0 0 0 0 0 0 0 0 1/32 0 0 0 0 0 0 0 0 0 0 0 -1/32 0 0 0 0 0 0 0 0]
        [0 0 0 0 0 0 0 0 0 0 0 0 0 0 0 0 0 0 0 0 0 0 1 0 0 0 0 0 0 0 0 0 0 0 0 0 1/32 0 0 0 0 0 0 0 0 0 0 0 0 0 0 0 -1/32 0 0 0 0]
        [0 0 0 0 0 0 0 0 0 0 0 0 0 0 0 0 0 0 0 0 0 1 0 0 0 0 0 0 0 0 0 0 0 0 0 0 0 0 0 0 0 0 0 0 1/32 -1/32 0 0 0 0 0 0 0 0 0 0 0]
        [0 0 0 0 0 0 0 0 0 0 0 0 0 0 0 0 0 0 0 0 1 0 0 0 0 0 0 0 0 0 0 0 0 0 0 0 0 0 0 0 1/32 0 0 0 0 -1/32 0 0 0 0 0 0 0 0 0 0 0]
        [0 0 0 0 0 0 0 0 0 0 0 0 0 0 0 0 0 0 0 0 0 0 0 0 0 0 0 0 0 1 0 0 0 0 0 0 0 0 0 0 1/32 0 0 0 0 0 0 0 0 1/32 -1/32 0 0 0 0 0 -1/32]
        [0 0 0 0 0 0 0 0 0 0 0 0 0 0 0 1 0 0 0 0 0 0 0 0 0 0 0 0 0 0 0 0 0 0 0 0 0 0 0 0 0 0 0 0 0 0 0 0 0 0 0 0 0 0 0 0 0]
        [0 0 0 0 0 0 0 0 0 0 0 0 0 0 0 0 0 0 0 0 0 0 0 0 0 0 0 0 0 0 1 0 0 0 0 0 0 0 0 0 0 0 0 0 0 0 0 0 0 0 0 0 0 0 0 0 0]
        [0 0 0 0 0 0 0 0 0 0 0 0 0 0 0 0 1 0 0 0 0 0 0 0 0 0 0 0 0 0 0 0 0 0 0 0 0 0 1/32 0 0 0 -1/32 0 0 0 0 0 0 0 0 0 0 0 0 0 0]
        [0 0 0 0 0 0 0 0 0 0 0 0 0 0 0 0 0 0 0 0 0 0 0 0 0 0 0 0 1 0 0 0 0 0 0 0 0 0 1/32 0 0 0 0 0 0 0 0 0 0 0 -1/32 0 0 0 0 0 0]
        [0 0 0 0 0 0 0 0 0 0 0 0 0 0 0 0 0 0 0 0 0 0 0 0 1 0 0 0 0 0 0 0 0 0 0 0 0 0 1/32 0 0 0 0 0 0 0 0 1/32 -1/32 0 0 0 0 0 0 -1/32 0]
        [0 0 0 0 0 0 0 0 0 0 0 0 0 0 0 0 0 0 0 0 0 0 0 0 0 0 1 0 0 0 0 0 0 0 0 0 0 0 0 0 0 0 0 0 0 0 0 0 0 0 0 0 0 0 0 0 0]
        [0 0 0 0 0 0 0 0 0 0 0 0 0 0 0 0 0 0 0 0 0 0 0 0 0 0 0 0 0 0 0 0 0 0 1 0 0 0 0 0 0 0 0 0 1/32 0 0 0 0 0 0 0 0 0 0 -1/32 0]
        [0 0 0 0 0 0 0 0 0 0 0 0 0 0 0 0 0 0 1 0 0 0 0 0 0 0 0 0 0 0 0 0 0 0 0 0 0 0 0 0 0 0 0 0 0 0 0 0 0 0 0 0 0 0 0 0 0]
        [0 0 0 0 0 0 0 0 0 0 0 0 0 0 0 0 0 0 0 0 0 0 0 0 0 0 0 0 0 0 0 0 0 1 0 0 0 0 0 0 0 0 0 0 0 0 0 0 0 0 0 0 0 0 0 0 0]
        [0 0 0 0 0 0 0 0 0 0 0 0 0 0 0 0 0 0 0 0 0 0 0 0 0 0 0 0 0 0 0 1 0 0 0 0 0 0 0 0 0 0 0 0 0 0 0 0 0 1/32 0 0 -1/32 0 0 0 0]
        [0 0 0 0 0 0 0 0 0 0 0 0 0 0 0 0 0 0 0 0 0 0 0 0 0 0 0 0 0 0 0 0 0 0 0 1 0 0 0 0 0 0 0 0 0 0 0 1/32 0 0 0 0 0 0 0 0 -1/32]
        [0 0 0 0 0 0 0 0 0 0 0 0 0 0 0 0 0 0 0 0 0 0 0 0 0 0 0 0 0 0 0 0 0 0 0 0 0 0 0 0 0 0 0 0 0 1 0 0 0 0 0 0 0 0 0 0 0]
        [0 0 0 0 0 0 0 0 0 0 0 0 0 0 0 0 0 0 0 0 0 0 0 0 0 0 0 0 0 0 0 0 0 0 0 0 0 0 0 0 0 0 1 0 0 0 0 0 0 0 0 0 0 0 0 0 0]
        [0 0 0 0 0 0 0 0 0 0 0 0 0 0 0 0 0 0 0 0 0 0 0 0 0 0 0 0 0 0 0 0 0 0 0 0 0 0 0 0 0 0 0 0 0 0 0 0 0 0 1 0 0 0 0 0 0]
        [0 0 0 0 0 0 0 0 0 0 0 0 0 0 0 0 0 0 0 0 0 0 0 0 0 0 0 0 0 0 0 0 0 0 0 0 0 0 0 0 0 0 0 1 0 0 0 0 0 0 0 0 0 0 0 0 0]
        [0 0 0 0 0 0 0 0 0 0 0 0 0 0 0 0 0 0 0 0 0 0 0 0 0 0 0 0 0 0 0 0 0 0 0 0 0 0 0 0 0 0 0 0 0 0 0 0 1 0 0 0 0 0 0 0 0]
        [0 0 0 0 0 0 0 0 0 0 0 0 0 0 0 0 0 0 0 0 0 0 0 0 0 0 0 0 0 0 0 0 0 0 0 0 0 0 0 0 0 1 0 0 0 0 0 0 0 0 0 0 0 0 0 0 0]
        [0 0 0 0 0 0 0 0 0 0 0 0 0 0 0 0 0 0 0 0 0 0 0 0 0 0 0 0 0 0 0 0 0 0 0 0 0 1 0 0 0 0 0 0 0 0 0 0 0 0 0 0 0 0 0 0 0]
        [0 0 0 0 0 0 0 0 0 0 0 0 0 0 0 0 0 0 0 0 0 0 0 0 0 0 0 0 0 0 0 0 0 0 0 0 0 0 0 1 0 0 0 0 0 0 0 0 0 0 0 0 0 0 0 0 0]
        [0 0 0 0 0 0 0 0 0 0 0 0 0 0 0 0 0 0 0 0 0 0 0 0 0 0 0 0 0 0 0 0 0 0 0 0 0 0 0 0 0 0 0 0 0 0 0 0 0 0 0 0 1 0 0 0 0]
        [0 0 0 0 0 0 0 0 0 0 0 0 0 0 0 0 0 0 0 0 0 0 0 0 0 0 0 0 0 0 0 0 0 0 0 0 1 0 0 0 0 0 0 0 0 0 0 0 0 0 0 0 0 0 0 0 0]
        [0 0 0 0 0 0 0 0 0 0 0 0 0 0 0 0 0 0 0 0 0 0 0 0 0 0 0 0 0 0 0 0 0 0 0 0 0 0 0 0 0 0 0 0 0 0 1 0 0 0 0 0 0 0 0 0 0]
        [0 0 0 0 0 0 0 0 0 0 0 0 0 0 0 0 0 0 0 0 0 0 0 0 0 0 0 0 0 0 0 0 0 0 0 0 0 0 0 0 0 0 0 0 0 0 0 0 0 0 0 0 0 0 0 0 1]
        [0 0 0 0 0 0 0 0 0 0 0 0 0 0 0 0 0 0 0 0 0 0 0 0 0 0 0 0 0 0 0 0 0 0 0 0 0 0 0 0 1 0 0 0 0 0 0 0 0 0 0 0 0 0 0 0 0]
        [0 0 0 0 0 0 0 0 0 0 0 0 0 0 0 0 0 0 0 0 0 0 0 0 0 0 0 0 0 0 0 0 0 0 0 0 0 0 0 0 0 0 0 0 0 0 0 0 0 0 0 0 0 0 0 1 0]
        [0 0 0 0 0 0 0 0 0 0 0 0 0 0 0 0 0 0 0 0 0 0 0 0 0 0 0 0 0 0 0 0 0 0 0 0 0 0 1 0 0 0 0 0 0 0 0 0 0 0 0 0 0 0 0 0 0]
        [0 0 0 0 0 0 0 0 0 0 0 0 0 0 0 0 0 0 0 0 0 0 0 0 0 0 0 0 0 0 0 0 0 0 0 0 0 0 0 0 0 0 0 0 0 0 0 0 0 0 0 1 0 0 0 0 0]
        [0 0 0 0 0 0 0 0 0 0 0 0 0 0 0 0 0 0 0 0 0 0 0 0 0 0 0 0 0 0 0 0 0 0 0 0 0 0 0 0 0 0 0 0 1 0 0 0 0 0 0 0 0 0 0 0 0]
        [0 0 0 0 0 0 0 0 0 0 0 0 0 0 0 0 0 0 0 0 0 0 0 0 0 0 0 0 0 0 0 0 0 0 0 0 0 0 0 0 0 0 0 0 0 0 0 0 0 0 0 0 0 1 0 0 0]
        [0 0 0 0 0 0 0 0 0 0 0 0 0 0 0 0 0 0 0 0 0 0 0 0 0 0 0 0 0 0 0 0 0 0 0 0 0 0 0 0 0 0 0 0 0 0 0 0 0 0 0 0 0 0 1 0 0]
        [0 0 0 0 0 0 0 0 0 0 0 0 0 0 0 0 0 0 0 0 0 0 0 0 0 0 0 0 0 0 0 0 0 0 0 0 0 0 0 0 0 0 0 0 0 0 0 0 0 1 0 0 0 0 0 0 0]
        [0 0 0 0 0 0 0 0 0 0 0 0 0 0 0 0 0 0 0 0 0 0 0 0 0 0 0 0 0 0 0 0 0 0 0 0 0 0 0 0 0 0 0 0 0 0 0 1 0 0 0 0 0 0 0 0 0]
]
> [GroupName(x`subgroup) : x in subs4];
[ C2^2, C2^2, C4 ]
> E := subs4[1];
> E1 := subs4[2];
> V := SubalgebraCorrespondingToSubgroup(A,E:axes := axes, Miyamoto_group := Miy);

>> V := SubalgebraCorrespondingToSubgroup(A,E:axes := axes, Miyamoto_group := Miy);
                                         ^
Runtime error in 'SubalgebraCorrespondingToSubgroup': Bad argument types
Argument types given: AlgGen[FldRat], Rec

> E1 := subs4[2]`subgroup;
> E := subs4[1]`subgroup;
> V := SubalgebraCorrespondingToSubgroup(A,E:axes := axes, Miyamoto_group := Miy);
> assert Dimension(V) eq 3;
> V1 := SubalgebraCorrespondingToSubgroup(A,E1:axes := axes, Miyamoto_group := Miy);
> assert Dimension(V1) eq 3;
> Y := {@ y : y in axes | y in V @};
> assert #Y eq 3;
> decomps := JointEigenspaceDecomposition(Y);
> U := decomps[[0,0,0]];
> assert Dimension(U) eq 9;
> Ualg := Algebra<F, 9 | AllStructureConstants(FindStructureConstantsSubalgebra(A, U))>;

>> Ualg := Algebra<F, 9 | AllStructureConstants(FindStructureConstantsSubalgebra(A, U))>;
                   ^
User error: Identifier 'F' has not been declared or assigned
> F := Rationals();
> Ualg := Algebra<F, 9 | AllStructureConstants(FindStructureConstantsSubalgebra(A, U))>;
> time bool, form_U := HasFrobeniusForm(Ualg);
Time: 0.000
> assert bool;
> assert Dimension(form_U) eq 1; 

Total time: 7.940 seconds, Total memory usage: 184.72MB
